llmc/rag/telemetry.py:2: error: Need type annotation for "_counters" (hint: "_counters: dict[<type>, <type>] = ...")  [var-annotated]
llmc/rag/telemetry.py:12: error: Returning Any from function declared to return "int"  [no-any-return]
llmc/rag/search/medical_search.py:67: error: Returning Any from function declared to return "list[str]"  [no-any-return]
llmc/rag/search/medical_search.py:73: error: Returning Any from function declared to return "list[SearchResult]"  [no-any-return]
llmc/rag/phi/detector.py:80: error: Need type annotation for "matches" (hint: "matches: list[<type>] = ...")  [var-annotated]
llmc/rag/extractors/tech_docs.py:50: error: Returning Any from function declared to return "str"  [no-any-return]
llmc/rag/extractors/tech_docs.py:105: error: Returning Any from function declared to return "str"  [no-any-return]
llmc/rag/extractors/tech_docs.py:127: error: Returning Any from function declared to return "str"  [no-any-return]
llmc/rag/extractors/tech_docs.py:216: error: Need type annotation for "current_chunk" (hint: "current_chunk: list[<type>] = ...")  [var-annotated]
llmc_agent/config.py:223: error: Argument 2 to "getattr" has incompatible type "str | Callable[[Any], bool] | type[int]"; expected "str"  [arg-type]
llmc_agent/config.py:225: error: Argument 2 to "setattr" has incompatible type "str | Callable[[Any], bool] | type[int]"; expected "str"  [arg-type]
llmc_agent/config.py:225: error: "str" not callable  [operator]
llmc/config/operations.py:45: error: Returning Any from function declared to return "dict[str, Any]"  [no-any-return]
llmc/config/operations.py:188: error: Argument 1 to "get" of "dict" has incompatible type "Any | None"; expected "str"  [arg-type]
llmc_agent/backends/ollama.py:69: error: Return type "AsyncIterator[str]" of "generate_stream" incompatible with return type "Coroutine[Any, Any, AsyncIterator[str]]" in supertype "llmc_agent.backends.base.Backend"  [override]
llmc_agent/backends/ollama.py:69: note: Consider declaring "generate_stream" in supertype "llmc_agent.backends.base.Backend" without "async"
llmc_agent/backends/ollama.py:69: note: See https://mypy.readthedocs.io/en/stable/more_types.html#asynchronous-iterators
llmc_agent/backends/ollama.py:175: error: Returning Any from function declared to return "bool"  [no-any-return]
llmc_agent/backends/llmc.py:143: error: Argument "path" to "RAGResult" has incompatible type "Any | None"; expected "str"  [arg-type]
llmc_agent/backends/llmc.py:144: error: Argument "start_line" to "RAGResult" has incompatible type "Any | None"; expected "int"  [arg-type]
llmc_agent/backends/llmc.py:145: error: Argument "end_line" to "RAGResult" has incompatible type "Any | None"; expected "int"  [arg-type]
llmc_agent/backends/llmc.py:147: error: Value of type "Any | None" is not indexable  [index]
llmc/ruta/judge.py:42: error: Need type annotation for "incidents" (hint: "incidents: list[<type>] = ...")  [var-annotated]
llmc/ruta/judge.py:43: error: Need type annotation for "metrics" (hint: "metrics: dict[<type>, <type>] = ...")  [var-annotated]
llmc/ruta/judge.py:123: error: Item "None" of "dict[str, Any] | None" has no attribute "get"  [union-attr]
llmc/ruta/config.py:12: error: Returning Any from function declared to return "dict[str, Any]"  [no-any-return]
llmc/ruta/config.py:19: error: Returning Any from function declared to return "Path"  [no-any-return]
llmc/rag/ontologies/__init__.py:51: error: Returning Any from function declared to return "dict[str, str]"  [no-any-return]
llmc/rag/extractors/medical.py:40: error: Need type annotation for "extracted_data"  [var-annotated]
llmc/ruta/trace.py:68: error: Item "None" of "TextIOWrapper[_WrappedBuffer] | None" has no attribute "write"  [union-attr]
llmc/ruta/trace.py:69: error: Item "None" of "TextIOWrapper[_WrappedBuffer] | None" has no attribute "flush"  [union-attr]
llmc/rag_repo/workspace.py:23: error: Incompatible types in assignment (expression has type "str", variable has type "Path | None")  [assignment]
llmc/rag_repo/workspace.py:27: error: Argument 2 to "safe_subpath" has incompatible type "Path | None"; expected "str | Path"  [arg-type]
llmc/rag_repo/inspect_repo.py:44: error: Incompatible types in assignment (expression has type "None", variable has type "Path")  [assignment]
llmc/rag/tests/test_nav_tools_integration.py:86: error: Need type annotation for "result"  [var-annotated]
llmc/rag/tests/test_nav_tools_integration.py:190: error: Incompatible types in assignment (expression has type "str", variable has type "Literal['OK', 'FALLBACK', 'ERROR']")  [assignment]
llmc/rag/tests/test_nav_tools_integration.py:201: error: Incompatible types in assignment (expression has type "str", variable has type "Literal['RAG_GRAPH', 'LOCAL_FALLBACK', 'NONE']")  [assignment]
llmc/rag/tests/test_nav_tools_integration.py:212: error: Incompatible types in assignment (expression has type "str", variable has type "Literal['FRESH', 'STALE', 'UNKNOWN']")  [assignment]
llmc/rag/tests/test_nav_tools_integration.py:287: error: Need type annotation for "result"  [var-annotated]
llmc/rag/tests/test_nav_tools_integration.py:364: error: Argument "status" to "RagToolMeta" has incompatible type "str"; expected "Literal['OK', 'FALLBACK', 'ERROR']"  [arg-type]
llmc/rag/tests/test_nav_meta.py:139: error: Need type annotation for "result"  [var-annotated]
llmc/rag/tests/test_nav_meta.py:229: error: Need type annotation for "result"  [var-annotated]
llmc/rag/tests/test_nav_meta.py:257: error: Argument "source" to "ok_result" has incompatible type "Literal['CUSTOM_SOURCE']"; expected "Literal['RAG_GRAPH', 'LOCAL_FALLBACK', 'NONE']"  [arg-type]
llmc/rag/tests/test_nav_meta.py:292: error: Need type annotation for "result"  [var-annotated]
llmc/rag/tests/test_nav_meta.py:343: error: Need type annotation for "result"  [var-annotated]
llmc/rag/graph/medical_graph.py:26: error: Incompatible types in assignment (expression has type "None", variable has type "dict[str, Any]")  [assignment]
llmc/rag/graph/medical_graph.py:43: error: Incompatible types in assignment (expression has type "Connection", variable has type "None")  [assignment]
llmc/rag/graph/medical_graph.py:44: error: "None" has no attribute "cursor"  [attr-defined]
llmc/rag/graph/medical_graph.py:85: error: "None" has no attribute "commit"  [attr-defined]
llmc/rag/graph/medical_graph.py:89: error: "None" has no attribute "cursor"  [attr-defined]
llmc/rag/graph/medical_graph.py:95: error: "None" has no attribute "commit"  [attr-defined]
llmc/rag/graph/medical_graph.py:106: error: Incompatible default for argument "metadata" (default has type "None", argument has type "dict[str, Any]")  [assignment]
llmc/rag/graph/medical_graph.py:106: note: PEP 484 prohibits implicit Optional. Accordingly, mypy has changed its default to no_implicit_optional=True
llmc/rag/graph/medical_graph.py:106: note: Use https://github.com/hauntsaninja/no_implicit_optional to automatically upgrade your codebase
llmc/rag/graph/medical_graph.py:112: error: "None" has no attribute "cursor"  [attr-defined]
llmc/rag/graph/medical_graph.py:125: error: "None" has no attribute "commit"  [attr-defined]
llmc/rag/graph/medical_graph.py:170: error: "None" has no attribute "cursor"  [attr-defined]
llmc/rag/graph/medical_graph.py:200: error: "None" has no attribute "cursor"  [attr-defined]
llmc/rag/graph/medical_graph.py:232: error: "None" has no attribute "cursor"  [attr-defined]
llmc/rag/graph/medical_graph.py:262: error: "None" has no attribute "cursor"  [attr-defined]
llmc/rag/graph/medical_graph.py:306: error: "None" has no attribute "cursor"  [attr-defined]
llmc/rag/graph/medical_graph.py:308: error: Returning Any from function declared to return "int"  [no-any-return]
llmc/rag/graph/medical_graph.py:312: error: "None" has no attribute "cursor"  [attr-defined]
llmc/rag/graph/medical_graph.py:314: error: Returning Any from function declared to return "int"  [no-any-return]
llmc_mcp/tools/fs.py:31: error: Returning Any from function declared to return "str"  [no-any-return]
llmc_mcp/tools/fs.py:36: error: Incompatible types in assignment (expression has type "float", variable has type "int")  [assignment]
llmc_mcp/tools/fs.py:43: error: Returning Any from function declared to return "str"  [no-any-return]
llmc_mcp/tools/fs.py:323: error: Incompatible types in assignment (expression has type "int", target has type "str")  [assignment]
llmc/rag/tech_docs_graph.py:118: error: Returning Any from function declared to return "str | None"  [no-any-return]
llmc/rag/tech_docs_graph.py:132: error: Returning Any from function declared to return "str | None"  [no-any-return]
llmc/rag/tech_docs_graph.py:156: error: Returning Any from function declared to return "str | None"  [no-any-return]
llmc/rag/tech_docs_graph.py:174: error: Returning Any from function declared to return "str | None"  [no-any-return]
llmc/rag/scoring.py:112: error: Returning Any from function declared to return "float"  [no-any-return]
llmc/rag/scoring.py:115: error: Returning Any from function declared to return "float"  [no-any-return]
llmc/rag/scoring.py:117: error: Returning Any from function declared to return "float"  [no-any-return]
llmc/rag/scoring.py:131: error: Returning Any from function declared to return "float"  [no-any-return]
llmc/rag/scoring.py:133: error: Returning Any from function declared to return "float"  [no-any-return]
llmc/rag/scoring.py:135: error: Returning Any from function declared to return "float"  [no-any-return]
llmc/rag/config.py:701: error: Returning Any from function declared to return "str"  [no-any-return]
llmc/rag/config.py:710: error: Returning Any from function declared to return "str"  [no-any-return]
llmc/rag/config.py:718: error: Returning Any from function declared to return "dict[str, str]"  [no-any-return]
llmc/rag/embeddings/hf_longcontext_adapter.py:49: error: "None" has no attribute "eval"  [attr-defined]
llmc/rag/embeddings/hf_longcontext_adapter.py:60: error: "None" not callable  [misc]
llmc/rag/embeddings/hf_longcontext_adapter.py:69: error: "None" not callable  [misc]
llmc/config/manager.py:134: error: Returning Any from function declared to return "list[dict[str, Any]]"  [no-any-return]
llmc/config/manager.py:138: error: Returning Any from function declared to return "dict[str, str]"  [no-any-return]
llmc/commands/repo_validator.py:322: error: Incompatible types in assignment (expression has type "Path", variable has type "BufferedReader[_BufferedReaderStream]")  [assignment]
llmc/commands/repo_validator.py:324: error: "BufferedReader[_BufferedReaderStream]" has no attribute "relative_to"  [attr-defined]
llmc/commands/model_compare.py:129: error: Incompatible types in assignment (expression has type "list[str | Any]", variable has type "set[Any]")  [assignment]
llmc/commands/model_compare.py:131: error: Incompatible return value type (got "list[dict[Any, Any]]", expected "dict[Any, Any]")  [return-value]
llmc/commands/model_compare.py:142: error: Value of type "Collection[Any]" is not indexable  [index]
llmc/commands/model_compare.py:173: error: Unsupported left operand type for + ("Collection[Any]")  [operator]
llmc/commands/model_compare.py:239: error: Item "None" of "Connection | None" has no attribute "execute"  [union-attr]
llmc/commands/model_compare.py:255: error: Item "None" of "Connection | None" has no attribute "execute"  [union-attr]
llmc/commands/model_compare.py:351: error: Need type annotation for "result"  [var-annotated]
llmc/rag_repo/cli.py:331: error: "object" has no attribute "__iter__"; maybe "__dir__" or "__str__"? (not iterable)  [attr-defined]
llmc/rag_repo/cli.py:336: error: Value of type "object" is not indexable  [index]
llmc/rag_repo/cli.py:337: error: Value of type "object" is not indexable  [index]
llmc/rag_repo/cli.py:338: error: Value of type "object" is not indexable  [index]
llmc/rag_daemon/api.py:58: error: Argument 1 to "SafeFS" has incompatible type "Path | None"; expected "Path"  [arg-type]
llmc/rag/watcher.py:80: error: Incompatible types in assignment (expression has type "PathSpec", variable has type "None")  [assignment]
llmc/rag/watcher.py:83: error: Incompatible types in assignment (expression has type "PathSpec", variable has type "None")  [assignment]
llmc/rag/watcher.py:226: error: Variable "llmc.rag.watcher.ProcessEvent" is not valid as a type  [valid-type]
llmc/rag/watcher.py:226: note: See https://mypy.readthedocs.io/en/stable/common_issues.html#variables-vs-type-aliases
llmc/rag/watcher.py:226: error: Invalid base class "ProcessEvent"  [misc]
llmc/rag/routing.py:93: error: Returning Any from function declared to return "str | None"  [no-any-return]
llmc/rag/graph_store.py:223: error: Need type annotation for "counts"  [var-annotated]
llmc/rag/graph_store.py:230: error: Need type annotation for "counts"  [var-annotated]
llmc/rag/embedding_providers.py:214: error: Cannot assign to a type  [misc]
llmc/rag/embedding_providers.py:214: note: Error code "misc" not covered by "type: ignore" comment
llmc/rag/embedding_providers.py:251: error: Incompatible types in assignment (expression has type "Path", variable has type "str | None")  [assignment]
llmc/rag/embedding_providers.py:252: error: Argument 1 to "Path" has incompatible type "str | None"; expected "str | PathLike[str]"  [arg-type]
llmc/rag/embedding_providers.py:258: error: Argument 1 to "embed" of "LongContextAdapter" has incompatible type "Sequence[str]"; expected "list[str]"  [arg-type]
llmc/commands/wizard.py:12: error: Library stubs not installed for "requests"  [import-untyped]
llmc/commands/wizard.py:12: note: Hint: "python3 -m pip install types-requests"
llmc/commands/wizard.py:146: error: Returning Any from function declared to return "str | None"  [no-any-return]
llmc/rag_router.py:154: error: Returning Any from function declared to return "str | None"  [no-any-return]
llmc/rag_router.py:186: error: "PlanResult" has no attribute "get"  [attr-defined]
llmc/rag_router.py:187: error: "PlanResult" has no attribute "get"  [attr-defined]
llmc/rag_router.py:188: error: "PlanResult" has no attribute "get"  [attr-defined]
llmc/rag_router.py:197: error: Argument 1 to "_estimate_complexity" of "RAGRouter" has incompatible type "PlanResult"; expected "dict[Any, Any]"  [arg-type]
llmc/rag_router.py:200: error: Argument 2 to "_requires_reasoning" of "RAGRouter" has incompatible type "PlanResult"; expected "dict[Any, Any]"  [arg-type]
llmc/rag_router.py:206: error: Argument 2 to "_requires_validation" of "RAGRouter" has incompatible type "PlanResult"; expected "dict[Any, Any]"  [arg-type]
llmc/rag_router.py:366: error: Argument "rag_results" to "RoutingDecision" has incompatible type "PlanResult | None"; expected "dict[Any, Any] | None"  [arg-type]
llmc/tui/screens/config.py:28: error: Module "llmc.rag.utils" has no attribute "find_repo_root"  [attr-defined]
llmc/tui/screens/config.py:193: error: Incompatible types in assignment (expression has type "float", variable has type "str")  [assignment]
llmc/rag_repo/__init__.py:9: error: All conditional function variants must have identical signatures  [misc]
llmc/rag_repo/__init__.py:9: note: Original:
llmc/rag_repo/__init__.py:9: note:     def cli(argv: list[str] | None = ...) -> int
llmc/rag_repo/__init__.py:9: note: Redefinition:
llmc/rag_repo/__init__.py:9: note:     def cli(*_a: Any, **_k: Any) -> Any
llmc/rag/indexer.py:50: error: Returning Any from function declared to return "int"  [no-any-return]
llmc/rag/indexer.py:54: error: Returning Any from function declared to return "int"  [no-any-return]
llmc/rag/indexer.py:58: error: Returning Any from function declared to return "int"  [no-any-return]
llmc/rag/indexer.py:62: error: Returning Any from function declared to return "int"  [no-any-return]
llmc/rag/export_data.py:196: error: Module "llmc.rag.utils" has no attribute "find_repo_root"  [attr-defined]
llmc/rag/analytics.py:244: error: Module "llmc.rag.utils" has no attribute "find_repo_root"  [attr-defined]
llmc/commands/docs.py:15: error: Name "tomllib" already defined (by an import)  [no-redef]
llmc/rag/inspector.py:205: error: Incompatible types in assignment (expression has type "int", target has type "None")  [assignment]
llmc/rag/inspector.py:334: error: Argument 2 to "_read_file_content" has incompatible type "Path | None"; expected "Path"  [arg-type]
llmc/rag/inspector.py:469: error: Item "None" of "Path | None" has no attribute "stem"  [union-attr]
llmc/rag/inspector.py:487: error: Argument 2 to "_get_provenance" has incompatible type "Path | None"; expected "Path"  [arg-type]
llmc/rag/inspector.py:490: error: Argument 2 to "_get_provenance" has incompatible type "Path | None"; expected "Path"  [arg-type]
llmc/rag/canary_eval.py:86: error: Argument 1 to "precision_at_k" has incompatible type "list[SearchItem]"; expected "list[object]"  [arg-type]
llmc/rag/canary_eval.py:86: note: "list" is invariant -- see https://mypy.readthedocs.io/en/stable/common_issues.html#variance
llmc/rag/canary_eval.py:86: note: Consider using "Sequence" instead, which is covariant
llmc/rag/embeddings/medical.py:37: error: Incompatible types in assignment (expression has type "LongContextAdapter", variable has type "None")  [assignment]
llmc/rag/embeddings/medical.py:39: error: Returning Any from function declared to return "list[list[float]]"  [no-any-return]
llmc/rag/embeddings/medical.py:39: error: "None" has no attribute "embed"  [attr-defined]
llmc/commands/repo.py:37: error: Returning Any from function declared to return "dict[Any, Any]"  [no-any-return]
llmc/rag_nav/envelope.py:32: error: Argument "status" to "RagToolMeta" has incompatible type "str"; expected "Literal['OK', 'FALLBACK', 'ERROR']"  [arg-type]
llmc/rag_nav/envelope.py:35: error: Argument "source" to "RagToolMeta" has incompatible type "str"; expected "Literal['RAG_GRAPH', 'LOCAL_FALLBACK', 'NONE']"  [arg-type]
llmc/rag_nav/envelope.py:36: error: Argument "freshness_state" to "RagToolMeta" has incompatible type "str"; expected "Literal['FRESH', 'STALE', 'UNKNOWN']"  [arg-type]
llmc/rag_nav/envelope.py:65: error: Incompatible return value type (got "RagResult[dict[Any, Any]]", expected "RagResult[SearchItem]")  [return-value]
llmc/rag_nav/envelope.py:69: error: Argument "source" has incompatible type "Any | str"; expected "Literal['RAG_GRAPH', 'LOCAL_FALLBACK', 'NONE']"  [arg-type]
llmc/rag_nav/envelope.py:69: error: Argument "freshness_state" has incompatible type "Any | str"; expected "Literal['FRESH', 'STALE', 'UNKNOWN']"  [arg-type]
llmc/rag_nav/envelope.py:79: error: Incompatible return value type (got "RagResult[dict[Any, Any]]", expected "RagResult[WhereUsedItem]")  [return-value]
llmc/rag_nav/envelope.py:83: error: Argument "source" has incompatible type "Any | str"; expected "Literal['RAG_GRAPH', 'LOCAL_FALLBACK', 'NONE']"  [arg-type]
llmc/rag_nav/envelope.py:83: error: Argument "freshness_state" has incompatible type "Any | str"; expected "Literal['FRESH', 'STALE', 'UNKNOWN']"  [arg-type]
llmc/rag_nav/envelope.py:100: error: Argument "source" has incompatible type "Any | str"; expected "Literal['RAG_GRAPH', 'LOCAL_FALLBACK', 'NONE']"  [arg-type]
llmc/rag_nav/envelope.py:100: error: Argument "freshness_state" has incompatible type "Any | str"; expected "Literal['FRESH', 'STALE', 'UNKNOWN']"  [arg-type]
llmc/rag_nav/cli.py:28: error: Argument "status" to "RagToolMeta" has incompatible type "str"; expected "Literal['OK', 'FALLBACK', 'ERROR']"  [arg-type]
llmc/rag_nav/cli.py:160: error: Incompatible types in assignment (expression has type "WhereUsedResult", variable has type "SearchResult")  [assignment]
llmc/rag_nav/cli.py:175: error: Unexpected keyword argument "limit" for "tool_rag_lineage"  [call-arg]
llmc/rag_nav/tool_handlers.py:844: note: "tool_rag_lineage" defined here
llmc/rag_nav/cli.py:175: error: Incompatible types in assignment (expression has type "LineageResult", variable has type "SearchResult")  [assignment]
llmc/commands/usertest.py:5: error: Library stubs not installed for "yaml"  [import-untyped]
llmc/commands/usertest.py:5: note: Hint: "python3 -m pip install types-PyYAML"
llmc/commands/usertest.py:5: note: (or run "mypy --install-types" to install all missing stub packages)
llmc/commands/usertest.py:5: note: See https://mypy.readthedocs.io/en/stable/running_mypy.html#missing-imports
llmc/commands/usertest.py:27: error: Incompatible default for argument "suite" (default has type "None", argument has type "str")  [assignment]
llmc/commands/usertest.py:27: note: PEP 484 prohibits implicit Optional. Accordingly, mypy has changed its default to no_implicit_optional=True
llmc/commands/usertest.py:27: note: Use https://github.com/hauntsaninja/no_implicit_optional to automatically upgrade your codebase
llmc_mcp/tools/rag.py:212: error: Item "float" of "float | list[int] | int | str | dict[str, Any] | None" has no attribute "get"  [union-attr]
llmc_mcp/tools/rag.py:212: error: Item "list[int]" of "float | list[int] | int | str | dict[str, Any] | None" has no attribute "get"  [union-attr]
llmc_mcp/tools/rag.py:212: error: Item "int" of "float | list[int] | int | str | dict[str, Any] | None" has no attribute "get"  [union-attr]
llmc_mcp/tools/rag.py:212: error: Item "str" of "float | list[int] | int | str | dict[str, Any] | None" has no attribute "get"  [union-attr]
llmc_mcp/tools/rag.py:212: error: Item "None" of "float | list[int] | int | str | dict[str, Any] | None" has no attribute "get"  [union-attr]
llmc_mcp/tools/rag.py:214: error: Item "float" of "float | list[int] | int | str | dict[str, Any] | None" has no attribute "get"  [union-attr]
llmc_mcp/tools/rag.py:214: error: Item "list[int]" of "float | list[int] | int | str | dict[str, Any] | None" has no attribute "get"  [union-attr]
llmc_mcp/tools/rag.py:214: error: Item "int" of "float | list[int] | int | str | dict[str, Any] | None" has no attribute "get"  [union-attr]
llmc_mcp/tools/rag.py:214: error: Item "str" of "float | list[int] | int | str | dict[str, Any] | None" has no attribute "get"  [union-attr]
llmc_mcp/tools/rag.py:214: error: Item "None" of "float | list[int] | int | str | dict[str, Any] | None" has no attribute "get"  [union-attr]
llmc_agent/agent.py:74: error: Name "Session" is not defined  [name-defined]
llmc_agent/agent.py:111: error: Need type annotation for "messages" (hint: "messages: list[<type>] = ...")  [var-annotated]
llmc_agent/agent.py:196: error: Name "Session" is not defined  [name-defined]
llmc_agent/agent.py:316: error: Dict entry 1 has incompatible type "str": "None"; expected "str": "str"  [dict-item]
llmc_agent/agent.py:317: error: Dict entry 2 has incompatible type "str": "list[dict[str, Any]]"; expected "str": "str"  [dict-item]
llmc/rag/enrichment_pipeline.py:293: error: Argument 1 to "classify_span" of "FileClassifier" has incompatible type "ItemWrapper"; expected "SpanWorkItem"  [arg-type]
llmc/rag/context_trimmer.py:88: error: Function "builtins.any" is not valid as a type  [valid-type]
llmc/rag/context_trimmer.py:88: note: Perhaps you meant "typing.Any" instead of "any"?
llmc/rag/context_trimmer.py:203: error: Function "builtins.any" is not valid as a type  [valid-type]
llmc/rag/context_trimmer.py:203: note: Perhaps you meant "typing.Any" instead of "any"?
llmc/rag/context_trimmer.py:271: error: Function "builtins.any" is not valid as a type  [valid-type]
llmc/rag/context_trimmer.py:271: note: Perhaps you meant "typing.Any" instead of "any"?
llmc/rag/context_trimmer.py:297: error: Module "llmc.rag.utils" has no attribute "find_repo_root"  [attr-defined]
llmc/rag/eval/routing_eval.py:88: error: Incompatible types in assignment (expression has type "None", variable has type "bool")  [assignment]
llmc/rag/enrichment/__init__.py:36: error: Incompatible types in assignment (expression has type "None", variable has type "list[str]")  [assignment]
llmc/commands/rag.py:216: error: Unsupported operand types for < ("int" and "object")  [operator]
llmc/commands/rag.py:221: error: "object" has no attribute "__iter__"; maybe "__dir__" or "__str__"? (not iterable)  [attr-defined]
llmc/rag_daemon/main.py:77: error: Function "builtins.any" is not valid as a type  [valid-type]
llmc/rag_daemon/main.py:77: note: Perhaps you meant "typing.Any" instead of "any"?
llmc/rag_daemon/main.py:93: error: any? has no attribute "info"  [attr-defined]
llmc/rag_daemon/main.py:97: error: any? has no attribute "info"  [attr-defined]
llmc/rag_daemon/main.py:98: error: any? has no attribute "info"  [attr-defined]
llmc/rag_daemon/main.py:104: error: any? has no attribute "info"  [attr-defined]
llmc/rag_daemon/main.py:106: error: any? has no attribute "info"  [attr-defined]
llmc/rag_daemon/main.py:180: error: Argument 1 to "int" has incompatible type "str | int | None"; expected "str | Buffer | SupportsInt | SupportsIndex | SupportsTrunc"  [arg-type]
llmc/rag/service.py:744: error: Cannot infer type of lambda  [misc]
llmc/rag/service.py:788: error: Incompatible types in assignment (expression has type "str", variable has type "Path")  [assignment]
llmc/rag/service.py:791: error: Argument 1 to "process_repo" of "RAGService" has incompatible type "Path"; expected "str"  [arg-type]
llmc/rag/cli.py:789: error: Argument 1 to "asdict" has incompatible type "DataclassInstance | type[DataclassInstance]"; expected "DataclassInstance"  [arg-type]
llmc/rag/cli.py:904: error: Returning Any from function declared to return "dict[Any, Any] | None"  [no-any-return]
llmc/tui/screens/service.py:243: error: Returning Any from function declared to return "list[str]"  [no-any-return]
llmc/tui/screens/service.py:261: error: Returning Any from function declared to return "list[str]"  [no-any-return]
llmc/tui/screens/service.py:303: error: Item "None" of "Popen[Any] | None" has no attribute "stdout"  [union-attr]
llmc/tui/screens/service.py:303: error: Item "None" of "IO[Any] | Any | None" has no attribute "__iter__" (not iterable)  [union-attr]
llmc/tui/screens/ruta.py:140: error: Library stubs not installed for "yaml"  [import-untyped]
llmc/tui/screens/ruta.py:212: error: Item "None" of "IO[str] | None" has no attribute "__iter__" (not iterable)  [union-attr]
llmc/tui/screens/docs.py:191: error: Incompatible types in assignment (expression has type "float", variable has type "int")  [assignment]
llmc/tui/screens/dashboard.py:259: error: Item "None" of "Popen[Any] | None" has no attribute "stdout"  [union-attr]
llmc/tui/screens/dashboard.py:259: error: Item "None" of "IO[Any] | Any | None" has no attribute "__iter__" (not iterable)  [union-attr]
llmc/commands/service.py:19: error: Cannot assign to a type  [misc]
llmc/commands/service.py:19: error: Incompatible types in assignment (expression has type "None", variable has type "type[SystemdManager]")  [assignment]
llmc/commands/service.py:20: error: Cannot assign to a type  [misc]
llmc/commands/service.py:20: error: Incompatible types in assignment (expression has type "None", variable has type "type[ServiceState]")  [assignment]
llmc/commands/service.py:27: error: Incompatible types in assignment (expression has type "None", variable has type "Callable[[Path, bool], dict[str, Any]]")  [assignment]
llmc/commands/service.py:28: error: Incompatible types in assignment (expression has type "None", variable has type "Callable[[Path, bool], dict[Any, Any]]")  [assignment]
Found 205 errors in 62 files (checked 217 source files)
