llmcwrapper/llmcwrapper/costs.py:4: error: Need type annotation for "DEFAULT_PRICING"  [var-annotated]
llmcwrapper/__init__.py:18: error: Incompatible types in assignment (expression has type "MutableSequence[str]", variable has type "list[str]")  [assignment]
llmcwrapper/__init__.py:18: note: Error code "assignment" not covered by "type: ignore" comment
llmc_mcp/test_tools_visibility_and_metrics.py:43: error: "None" not callable  [misc]
llmc_mcp/test_tools_visibility_and_metrics.py:47: error: "None" not callable  [misc]
build/lib/llmcwrapper/__init__.py:18: error: Incompatible types in assignment (expression has type "MutableSequence[str]", variable has type "list[str]")  [assignment]
build/lib/llmcwrapper/__init__.py:18: note: Error code "assignment" not covered by "type: ignore" comment
build/lib/llmc_mcp/test_tools_visibility_and_metrics.py:43: error: "None" not callable  [misc]
build/lib/llmc_mcp/test_tools_visibility_and_metrics.py:47: error: "None" not callable  [misc]
tests/test_fuzzy_linking.py:92: error: Value of type "Collection[str]" is not indexable  [index]
tests/test_e2e_operator_workflows.py:114: error: Need type annotation for "env" (hint: "env: dict[<type>, <type>] = ...")  [var-annotated]
llmc_mcp/tools/code_exec.py:230: error: Function "builtins.callable" is not valid as a type  [valid-type]
llmc_mcp/tools/code_exec.py:230: note: Perhaps you meant "typing.Callable" instead of "callable"?
llmc_mcp/tools/code_exec.py:259: error: Module has no attribute "_call_tool"  [attr-defined]
llmc_mcp/tools/code_exec.py:315: error: Module has no attribute "_call_tool"  [attr-defined]
build/lib/tools/config.py:16: error: Returning Any from function declared to return "dict[str, Any]"  [no-any-return]
tests/test_analyzer.py:78: error: Need type annotation for "categories"  [var-annotated]
scripts/router.py:92: error: No overload variant of "int" matches argument type "object"  [call-overload]
scripts/router.py:92: note: Possible overload variants:
scripts/router.py:92: note:     def __new__(cls, str | Buffer | SupportsInt | SupportsIndex | SupportsTrunc = ..., /) -> int
scripts/router.py:92: note:     def __new__(cls, str | bytes | bytearray, /, base: SupportsIndex) -> int
scripts/router.py:94: error: Argument 1 to "estimate_tokens_from_text" has incompatible type "object"; expected "str"  [arg-type]
scripts/router.py:96: error: Returning Any from function declared to return "int"  [no-any-return]
scripts/router.py:174: error: Item "None" of "str | None" has no attribute "lower"  [union-attr]
scripts/rag/watch_workspace.py:32: error: Need type annotation for "last_indexed" (hint: "last_indexed: dict[<type>, <type>] = ...")  [var-annotated]
llmcwrapper/llmcwrapper/config.py:12: error: Incompatible types in assignment (expression has type "None", variable has type Module)  [assignment]
llmcwrapper/llmcwrapper/config.py:67: error: Returning Any from function declared to return "dict[str, Any]"  [no-any-return]
llmcwrapper/llmcwrapper/providers/anthropic.py:8: error: Library stubs not installed for "requests"  [import-untyped]
llmcwrapper/llmcwrapper/providers/anthropic.py:8: note: Hint: "python3 -m pip install types-requests"
llmc_mcp/tools/test_code_exec.py:26: error: Returning Any from function declared to return "dict[Any, Any]"  [no-any-return]
llmc_mcp/tools/test_code_exec.py:127: error: Unsupported right operand type for in ("str | None")  [operator]
tools/rag_repo/workspace.py:23: error: Incompatible types in assignment (expression has type "str", variable has type "Path | None")  [assignment]
tools/rag_repo/workspace.py:27: error: Argument 2 to "safe_subpath" has incompatible type "Path | None"; expected "str | Path"  [arg-type]
tools/rag_repo/inspect_repo.py:44: error: Incompatible types in assignment (expression has type "None", variable has type "Path")  [assignment]
tools/rag/tests/test_nav_tools_integration.py:86: error: Need type annotation for "result"  [var-annotated]
tools/rag/tests/test_nav_tools_integration.py:190: error: Incompatible types in assignment (expression has type "str", variable has type "Literal['OK', 'FALLBACK', 'ERROR']")  [assignment]
tools/rag/tests/test_nav_tools_integration.py:201: error: Incompatible types in assignment (expression has type "str", variable has type "Literal['RAG_GRAPH', 'LOCAL_FALLBACK', 'NONE']")  [assignment]
tools/rag/tests/test_nav_tools_integration.py:212: error: Incompatible types in assignment (expression has type "str", variable has type "Literal['FRESH', 'STALE', 'UNKNOWN']")  [assignment]
tools/rag/tests/test_nav_tools_integration.py:287: error: Need type annotation for "result"  [var-annotated]
tools/rag/tests/test_nav_tools_integration.py:362: error: Argument "status" to "RagToolMeta" has incompatible type "str"; expected "Literal['OK', 'FALLBACK', 'ERROR']"  [arg-type]
tools/rag/tests/test_nav_meta.py:139: error: Need type annotation for "result"  [var-annotated]
tools/rag/tests/test_nav_meta.py:229: error: Need type annotation for "result"  [var-annotated]
tools/rag/tests/test_nav_meta.py:257: error: Argument "source" to "ok_result" has incompatible type "Literal['CUSTOM_SOURCE']"; expected "Literal['RAG_GRAPH', 'LOCAL_FALLBACK', 'NONE']"  [arg-type]
tools/rag/tests/test_nav_meta.py:292: error: Need type annotation for "result"  [var-annotated]
tools/rag/tests/test_nav_meta.py:343: error: Need type annotation for "result"  [var-annotated]
tests/test_router_critical.py:37: error: Argument "metrics" to "choose_next_tier_on_failure" has incompatible type "dict[str, int]"; expected "dict[str, float]"  [arg-type]
tests/test_router_critical.py:37: note: "dict" is invariant -- see https://mypy.readthedocs.io/en/stable/common_issues.html#variance
tests/test_router_critical.py:37: note: Consider using "Mapping" instead, which is covariant in the value type
tests/test_router_critical.py:47: error: Argument "metrics" to "choose_next_tier_on_failure" has incompatible type "dict[str, int]"; expected "dict[str, float]"  [arg-type]
tests/test_router_critical.py:47: note: "dict" is invariant -- see https://mypy.readthedocs.io/en/stable/common_issues.html#variance
tests/test_router_critical.py:47: note: Consider using "Mapping" instead, which is covariant in the value type
tests/test_router_critical.py:55: error: Need type annotation for "metrics" (hint: "metrics: dict[<type>, <type>] = ...")  [var-annotated]
tests/test_router_critical.py:70: error: Need type annotation for "metrics" (hint: "metrics: dict[<type>, <type>] = ...")  [var-annotated]
tests/test_router_critical.py:112: error: Argument "metrics" to "choose_next_tier_on_failure" has incompatible type "dict[str, int]"; expected "dict[str, float]"  [arg-type]
tests/test_router_critical.py:112: note: "dict" is invariant -- see https://mypy.readthedocs.io/en/stable/common_issues.html#variance
tests/test_router_critical.py:112: note: Consider using "Mapping" instead, which is covariant in the value type
tests/test_router_critical.py:122: error: Argument "metrics" to "choose_next_tier_on_failure" has incompatible type "dict[str, int]"; expected "dict[str, float]"  [arg-type]
tests/test_router_critical.py:122: note: "dict" is invariant -- see https://mypy.readthedocs.io/en/stable/common_issues.html#variance
tests/test_router_critical.py:122: note: Consider using "Mapping" instead, which is covariant in the value type
tests/test_router_critical.py:132: error: Argument "metrics" to "choose_next_tier_on_failure" has incompatible type "dict[str, int]"; expected "dict[str, float]"  [arg-type]
tests/test_router_critical.py:132: note: "dict" is invariant -- see https://mypy.readthedocs.io/en/stable/common_issues.html#variance
tests/test_router_critical.py:132: note: Consider using "Mapping" instead, which is covariant in the value type
tests/test_router_critical.py:140: error: Need type annotation for "metrics" (hint: "metrics: dict[<type>, <type>] = ...")  [var-annotated]
tests/test_router_critical.py:175: error: Need type annotation for "metrics" (hint: "metrics: dict[<type>, <type>] = ...")  [var-annotated]
tests/test_router_critical.py:212: error: Argument 1 to "choose_start_tier" has incompatible type "dict[str, int]"; expected "dict[str, float]"  [arg-type]
tests/test_router_critical.py:212: note: "dict" is invariant -- see https://mypy.readthedocs.io/en/stable/common_issues.html#variance
tests/test_router_critical.py:212: note: Consider using "Mapping" instead, which is covariant in the value type
tests/test_router_critical.py:216: error: Argument 1 to "choose_start_tier" has incompatible type "dict[str, int]"; expected "dict[str, float]"  [arg-type]
tests/test_router_critical.py:216: note: "dict" is invariant -- see https://mypy.readthedocs.io/en/stable/common_issues.html#variance
tests/test_router_critical.py:216: note: Consider using "Mapping" instead, which is covariant in the value type
tests/test_router_critical.py:227: error: Argument 1 to "choose_start_tier" has incompatible type "dict[str, int]"; expected "dict[str, float]"  [arg-type]
tests/test_router_critical.py:227: note: "dict" is invariant -- see https://mypy.readthedocs.io/en/stable/common_issues.html#variance
tests/test_router_critical.py:227: note: Consider using "Mapping" instead, which is covariant in the value type
tests/test_router_critical.py:231: error: Argument 1 to "choose_start_tier" has incompatible type "dict[str, int]"; expected "dict[str, float]"  [arg-type]
tests/test_router_critical.py:231: note: "dict" is invariant -- see https://mypy.readthedocs.io/en/stable/common_issues.html#variance
tests/test_router_critical.py:231: note: Consider using "Mapping" instead, which is covariant in the value type
tests/test_router_critical.py:242: error: Argument 1 to "choose_start_tier" has incompatible type "dict[str, int]"; expected "dict[str, float]"  [arg-type]
tests/test_router_critical.py:242: note: "dict" is invariant -- see https://mypy.readthedocs.io/en/stable/common_issues.html#variance
tests/test_router_critical.py:242: note: Consider using "Mapping" instead, which is covariant in the value type
tests/test_router_critical.py:260: error: Argument "metrics" to "choose_next_tier_on_failure" has incompatible type "dict[str, int]"; expected "dict[str, float]"  [arg-type]
tests/test_router_critical.py:260: note: "dict" is invariant -- see https://mypy.readthedocs.io/en/stable/common_issues.html#variance
tests/test_router_critical.py:260: note: Consider using "Mapping" instead, which is covariant in the value type
tests/test_router_critical.py:275: error: Argument "metrics" to "choose_next_tier_on_failure" has incompatible type "dict[str, int]"; expected "dict[str, float]"  [arg-type]
tests/test_router_critical.py:275: note: "dict" is invariant -- see https://mypy.readthedocs.io/en/stable/common_issues.html#variance
tests/test_router_critical.py:275: note: Consider using "Mapping" instead, which is covariant in the value type
tests/test_router_critical.py:290: error: Argument "metrics" to "choose_next_tier_on_failure" has incompatible type "dict[str, int]"; expected "dict[str, float]"  [arg-type]
tests/test_router_critical.py:290: note: "dict" is invariant -- see https://mypy.readthedocs.io/en/stable/common_issues.html#variance
tests/test_router_critical.py:290: note: Consider using "Mapping" instead, which is covariant in the value type
tests/test_router_critical.py:298: error: Need type annotation for "metrics" (hint: "metrics: dict[<type>, <type>] = ...")  [var-annotated]
tests/test_router_critical.py:349: error: Need type annotation for "metrics" (hint: "metrics: dict[<type>, <type>] = ...")  [var-annotated]
tests/test_router_critical.py:368: error: Need type annotation for "metrics" (hint: "metrics: dict[<type>, <type>] = ...")  [var-annotated]
tests/test_router_critical.py:422: error: Argument 1 to "classify_failure" has incompatible type "tuple[()]"; expected "tuple[str, object, object]"  [arg-type]
tests/test_router_critical.py:428: error: Argument 1 to "classify_failure" has incompatible type "None"; expected "tuple[str, object, object]"  [arg-type]
tests/test_router_critical.py:434: error: Argument 1 to "classify_failure" has incompatible type "tuple[int, None, None]"; expected "tuple[str, object, object]"  [arg-type]
tests/test_rag_repo_integration_edge_cases.py:13: error: Library stubs not installed for "yaml"  [import-untyped]
tests/test_rag_repo_integration_edge_cases.py:385: error: Need type annotation for "registry_data"  [var-annotated]
tests/test_rag_repo_integration_edge_cases.py:511: error: Need type annotation for "registry_data"  [var-annotated]
tests/test_nav_tools_integration.py:89: error: Need type annotation for "result"  [var-annotated]
tests/test_nav_tools_integration.py:193: error: Incompatible types in assignment (expression has type "str", variable has type "Literal['OK', 'FALLBACK', 'ERROR']")  [assignment]
tests/test_nav_tools_integration.py:204: error: Incompatible types in assignment (expression has type "str", variable has type "Literal['RAG_GRAPH', 'LOCAL_FALLBACK', 'NONE']")  [assignment]
tests/test_nav_tools_integration.py:215: error: Incompatible types in assignment (expression has type "str", variable has type "Literal['FRESH', 'STALE', 'UNKNOWN']")  [assignment]
tests/test_nav_tools_integration.py:407: error: Need type annotation for "result"  [var-annotated]
tests/test_nav_tools_integration.py:482: error: Argument "status" to "RagToolMeta" has incompatible type "str"; expected "Literal['OK', 'FALLBACK', 'ERROR']"  [arg-type]
tests/test_nav_meta.py:139: error: Need type annotation for "result"  [var-annotated]
tests/test_nav_meta.py:229: error: Need type annotation for "result"  [var-annotated]
tests/test_nav_meta.py:257: error: Argument "source" to "ok_result" has incompatible type "Literal['CUSTOM_SOURCE']"; expected "Literal['RAG_GRAPH', 'LOCAL_FALLBACK', 'NONE']"  [arg-type]
tests/test_nav_meta.py:292: error: Need type annotation for "result"  [var-annotated]
tests/test_nav_meta.py:343: error: Need type annotation for "result"  [var-annotated]
tests/test_graph_stitching_edge_cases.py:118: error: Need type annotation for "graph"  [var-annotated]
tests/test_enrichment_cascade.py:33: error: List item 0 has incompatible type "_FakeBackend"; expected "BackendAdapter"  [list-item]
tests/test_enrichment_cascade.py:33: note: "_FakeBackend" is missing following "BackendAdapter" protocol member:
tests/test_enrichment_cascade.py:33: note:     describe_host
tests/test_enrichment_cascade.py:33: note: Following member(s) of "_FakeBackend" have conflicts:
tests/test_enrichment_cascade.py:33: note:     Expected:
tests/test_enrichment_cascade.py:33: note:         def generate(self, prompt: str, *, item: dict[str, Any]) -> tuple[dict[str, Any], dict[str, Any]]
tests/test_enrichment_cascade.py:33: note:     Got:
tests/test_enrichment_cascade.py:33: note:         def generate(self, prompt: str, *, item: dict[str, Any]) -> tuple[str, dict[str, Any]]
tests/test_enrichment_cascade.py:33: error: List item 1 has incompatible type "_FakeBackend"; expected "BackendAdapter"  [list-item]
tests/test_enrichment_cascade.py:33: note: "_FakeBackend" is missing following "BackendAdapter" protocol member:
tests/test_enrichment_cascade.py:33: note:     describe_host
tests/test_enrichment_cascade.py:33: note: Following member(s) of "_FakeBackend" have conflicts:
tests/test_enrichment_cascade.py:33: note:     Expected:
tests/test_enrichment_cascade.py:33: note:         def generate(self, prompt: str, *, item: dict[str, Any]) -> tuple[dict[str, Any], dict[str, Any]]
tests/test_enrichment_cascade.py:33: note:     Got:
tests/test_enrichment_cascade.py:33: note:         def generate(self, prompt: str, *, item: dict[str, Any]) -> tuple[str, dict[str, Any]]
tests/test_enrichment_cascade.py:37: error: "dict[str, Any]" has no attribute "startswith"  [attr-defined]
tests/test_enrichment_cascade.py:49: error: List item 0 has incompatible type "_FakeBackend"; expected "BackendAdapter"  [list-item]
tests/test_enrichment_cascade.py:49: note: "_FakeBackend" is missing following "BackendAdapter" protocol member:
tests/test_enrichment_cascade.py:49: note:     describe_host
tests/test_enrichment_cascade.py:49: note: Following member(s) of "_FakeBackend" have conflicts:
tests/test_enrichment_cascade.py:49: note:     Expected:
tests/test_enrichment_cascade.py:49: note:         def generate(self, prompt: str, *, item: dict[str, Any]) -> tuple[dict[str, Any], dict[str, Any]]
tests/test_enrichment_cascade.py:49: note:     Got:
tests/test_enrichment_cascade.py:49: note:         def generate(self, prompt: str, *, item: dict[str, Any]) -> tuple[str, dict[str, Any]]
tests/test_enrichment_cascade.py:49: error: List item 1 has incompatible type "_FakeBackend"; expected "BackendAdapter"  [list-item]
tests/test_enrichment_cascade.py:49: note: "_FakeBackend" is missing following "BackendAdapter" protocol member:
tests/test_enrichment_cascade.py:49: note:     describe_host
tests/test_enrichment_cascade.py:49: note: Following member(s) of "_FakeBackend" have conflicts:
tests/test_enrichment_cascade.py:49: note:     Expected:
tests/test_enrichment_cascade.py:49: note:         def generate(self, prompt: str, *, item: dict[str, Any]) -> tuple[dict[str, Any], dict[str, Any]]
tests/test_enrichment_cascade.py:49: note:     Got:
tests/test_enrichment_cascade.py:49: note:         def generate(self, prompt: str, *, item: dict[str, Any]) -> tuple[str, dict[str, Any]]
tests/test_enrichment_cascade.py:57: error: List item 0 has incompatible type "_FakeBackend"; expected "BackendAdapter"  [list-item]
tests/test_enrichment_cascade.py:57: note: "_FakeBackend" is missing following "BackendAdapter" protocol member:
tests/test_enrichment_cascade.py:57: note:     describe_host
tests/test_enrichment_cascade.py:57: note: Following member(s) of "_FakeBackend" have conflicts:
tests/test_enrichment_cascade.py:57: note:     Expected:
tests/test_enrichment_cascade.py:57: note:         def generate(self, prompt: str, *, item: dict[str, Any]) -> tuple[dict[str, Any], dict[str, Any]]
tests/test_enrichment_cascade.py:57: note:     Got:
tests/test_enrichment_cascade.py:57: note:         def generate(self, prompt: str, *, item: dict[str, Any]) -> tuple[str, dict[str, Any]]
tests/test_enrichment_cascade.py:61: error: "dict[str, Any]" has no attribute "startswith"  [attr-defined]
tests/_plugins/pytest_compat_shims.py:100: error: Module has no attribute "cli"  [attr-defined]
tests/_plugins/pytest_compat_shims.py:122: error: Cannot assign to a method  [method-assign]
tests/_plugins/pytest_compat_shims.py:135: error: Module has no attribute "compat_path_join"  [attr-defined]
tests/test_rag_repo_complete.py:7: error: Library stubs not installed for "yaml"  [import-untyped]
tests/test_rag_daemon_registry_pathsafety.py:19: error: Incompatible types in assignment (expression has type "Path", variable has type "None")  [assignment]
tests/test_rag_daemon_registry_pathsafety.py:20: error: Incompatible types in assignment (expression has type "Path", variable has type "None")  [assignment]
tests/test_rag_daemon_registry_pathsafety.py:21: error: "None" has no attribute "mkdir"  [attr-defined]
tests/test_rag_daemon_registry_pathsafety.py:22: error: "None" has no attribute "mkdir"  [attr-defined]
tests/test_rag_daemon_registry_pathsafety.py:26: error: Unsupported left operand type for / ("None")  [operator]
tests/test_rag_daemon_registry_pathsafety.py:27: error: Unsupported left operand type for / ("None")  [operator]
tests/test_rag_daemon_registry_pathsafety.py:28: error: Unsupported left operand type for / ("None")  [operator]
tests/test_rag_daemon_registry_pathsafety.py:29: error: Unsupported left operand type for / ("None")  [operator]
tests/test_rag_daemon_registry_pathsafety.py:38: error: Incompatible types in assignment (expression has type "Path", variable has type "None")  [assignment]
tests/test_rag_daemon_registry_pathsafety.py:39: error: "None" has no attribute "mkdir"  [attr-defined]
tests/test_rag_comprehensive.py:1020: error: "object" has no attribute "append"  [attr-defined]
tests/test_rag_comprehensive.py:1022: error: Unsupported operand types for + ("object" and "int")  [operator]
tests/test_rag_comprehensive.py:1024: error: Unsupported operand types for + ("object" and "int")  [operator]
tests/test_rag_comprehensive.py:1026: error: Generator has incompatible item type "object"; expected "bool"  [misc]
tests/test_rag_comprehensive.py:1027: error: Generator has incompatible item type "object"; expected "bool"  [misc]
tests/test_rag_comprehensive.py:1040: error: Unsupported left operand type for + ("object")  [operator]
tests/test_rag_comprehensive.py:1041: error: Unsupported left operand type for + ("object")  [operator]
tests/test_rag_comprehensive.py:1045: error: Unsupported left operand type for + ("object")  [operator]
tests/test_rag_comprehensive.py:1073: error: Unsupported left operand type for + ("object")  [operator]
tests/smoke_analytics_screen.py:76: error: Incompatible types in assignment (expression has type "Connection | None", variable has type "Connection")  [assignment]
tests/conftest.py:22: error: The return type of a generator function should be "Generator" or one of its supertypes  [misc]
tests/_plugins/pytest_ruthless.py:9: error: Incompatible types in assignment (expression has type "None", variable has type Module)  [assignment]
tests/_plugins/pytest_ruthless.py:40: error: Library stubs not installed for "requests"  [import-untyped]
tests/_plugins/pytest_ruthless.py:98: error: Cannot assign to a type  [misc]
tests/_plugins/pytest_ruthless.py:98: note: Error code "misc" not covered by "type: ignore" comment
tests/_plugins/pytest_ruthless.py:98: error: Incompatible types in assignment (expression has type "type[_NoNetSocket]", variable has type "type[socket]")  [assignment]
tests/_plugins/pytest_ruthless.py:98: note: Error code "assignment" not covered by "type: ignore" comment
tests/REPORTS/adversarial_enrichment_test.py:26: error: Argument "span_hash" to "EnrichmentSliceView" has incompatible type "None"; expected "str"  [arg-type]
tests/REPORTS/adversarial_enrichment_test.py:88: error: Unexpected keyword argument "slice_view" for "EnrichmentRouteDecision"  [call-arg]
tests/REPORTS/adversarial_enrichment_test.py:88: error: Unexpected keyword argument "backend" for "EnrichmentRouteDecision"  [call-arg]
tests/REPORTS/adversarial_enrichment_test.py:88: error: Unexpected keyword argument "reason" for "EnrichmentRouteDecision"; did you mean "reasons"?  [call-arg]
tests/REPORTS/adversarial_enrichment_test.py:114: error: Unexpected keyword argument "slice_view" for "EnrichmentRouteDecision"  [call-arg]
tests/REPORTS/adversarial_enrichment_test.py:114: error: Unexpected keyword argument "backend" for "EnrichmentRouteDecision"  [call-arg]
tests/REPORTS/adversarial_enrichment_test.py:114: error: Unexpected keyword argument "reason" for "EnrichmentRouteDecision"; did you mean "reasons"?  [call-arg]
tests/REPORTS/adversarial_enrichment_test.py:134: error: Unexpected keyword argument "query" for "EnrichmentRouterMetricsEvent"  [call-arg]
tests/REPORTS/adversarial_enrichment_test.py:134: error: Unexpected keyword argument "route" for "EnrichmentRouterMetricsEvent"  [call-arg]
tests/REPORTS/adversarial_enrichment_test.py:134: error: Unexpected keyword argument "confidence" for "EnrichmentRouterMetricsEvent"  [call-arg]
tests/REPORTS/adversarial_enrichment_test.py:134: error: Unexpected keyword argument "metric_name" for "EnrichmentRouterMetricsEvent"  [call-arg]
tests/REPORTS/adversarial_enrichment_test.py:134: error: Unexpected keyword argument "metric_value" for "EnrichmentRouterMetricsEvent"  [call-arg]
tests/REPORTS/adversarial_enrichment_test.py:148: error: Unexpected keyword argument "query" for "EnrichmentRouterMetricsEvent"  [call-arg]
tests/REPORTS/adversarial_enrichment_test.py:148: error: Unexpected keyword argument "route" for "EnrichmentRouterMetricsEvent"  [call-arg]
tests/REPORTS/adversarial_enrichment_test.py:148: error: Unexpected keyword argument "confidence" for "EnrichmentRouterMetricsEvent"  [call-arg]
tests/REPORTS/adversarial_enrichment_test.py:148: error: Unexpected keyword argument "metric_name" for "EnrichmentRouterMetricsEvent"  [call-arg]
tests/REPORTS/adversarial_enrichment_test.py:148: error: Unexpected keyword argument "metric_value" for "EnrichmentRouterMetricsEvent"  [call-arg]
tests/REPORTS/adversarial_enrichment_test.py:186: error: Argument "file_path" to "EnrichmentSliceView" has incompatible type "str"; expected "Path"  [arg-type]
scripts/rag/ast_chunker.py:432: error: Invalid index type "object" for "dict[str, int]"; expected type "str"  [index]
scripts/rag/ast_chunker.py:432: error: No overload variant of "get" of "dict" matches argument types "object", "int"  [call-overload]
scripts/rag/ast_chunker.py:432: note: Possible overload variants:
scripts/rag/ast_chunker.py:432: note:     def get(self, str, None = ..., /) -> int | None
scripts/rag/ast_chunker.py:432: note:     def get(self, str, int, /) -> int
scripts/rag/ast_chunker.py:432: note:     def [_T] get(self, str, _T, /) -> int | _T
scripts/rag/ast_chunker.py:435: error: No overload variant of "get" of "dict" matches argument types "object", "int"  [call-overload]
scripts/rag/ast_chunker.py:435: note: Possible overload variants:
scripts/rag/ast_chunker.py:435: note:     def get(self, str, None = ..., /) -> int | None
scripts/rag/ast_chunker.py:435: note:     def get(self, str, int, /) -> int
scripts/rag/ast_chunker.py:435: note:     def [_T] get(self, str, _T, /) -> int | _T
patches/llmc/routing/common.py:13: error: Incompatible types in assignment (expression has type "None", variable has type Module)  [assignment]
llmcwrapper/llmcwrapper/cli/llmc_doctor.py:16: error: Returning Any from function declared to return "str"  [no-any-return]
llmcwrapper/llmcwrapper/cli/llmc_doctor.py:18: error: Returning Any from function declared to return "str"  [no-any-return]
llmc_mcp/te/process.py:201: error: Item "None" of "IO[Any] | None" has no attribute "write"  [union-attr]
llmc_mcp/te/process.py:202: error: Item "None" of "IO[Any] | None" has no attribute "flush"  [union-attr]
llmc_mcp/te/process.py:232: error: Item "None" of "IO[Any] | None" has no attribute "fileno"  [union-attr]
tools/rag_repo/cli.py:319: error: "object" has no attribute "__iter__"; maybe "__dir__" or "__str__"? (not iterable)  [attr-defined]
tools/rag_repo/cli.py:324: error: Value of type "object" is not indexable  [index]
tools/rag_repo/cli.py:325: error: Value of type "object" is not indexable  [index]
tools/rag_repo/cli.py:326: error: Value of type "object" is not indexable  [index]
tools/rag_daemon/api.py:54: error: Argument 1 to "SafeFS" has incompatible type "Path | None"; expected "Path"  [arg-type]
tools/rag/graph.py:219: error: Need type annotation for "counts"  [var-annotated]
tools/rag/graph.py:226: error: Need type annotation for "counts"  [var-annotated]
tests/test_phase4.py:51: error: Argument 2 to "attach_enrichments_to_search_result" has incompatible type "MockStore"; expected "SqliteEnrichmentStore"  [arg-type]
tests/test_phase4.py:54: error: Value of type "EnrichmentData" is not indexable  [index]
tests/test_phase4.py:55: error: Value of type "EnrichmentData" is not indexable  [index]
tests/test_phase2_enrichment_integration.py:88: error: Unsupported right operand type for in ("str | None")  [operator]
tests/test_phase2_enrichment_integration.py:89: error: Unsupported operand types for < ("int" and "None")  [operator]
tests/test_phase2_enrichment_integration.py:89: note: Left operand is of type "int | None"
tests/test_phase2_enrichment_integration.py:90: error: Unsupported operand types for >= ("int" and "None")  [operator]
tests/test_phase2_enrichment_integration.py:90: error: Unsupported operand types for <= ("int" and "None")  [operator]
tests/test_phase2_enrichment_integration.py:90: error: Unsupported left operand type for >= ("None")  [operator]
tests/test_phase2_enrichment_integration.py:90: note: Both left and right operands are unions
tests/test_enrichment_cascade_builder.py:81: error: Argument "args" to "_build_cascade_for_attempt" has incompatible type "SimpleNamespace"; expected "Namespace"  [arg-type]
tests/test_enrichment_cascade_builder.py:119: error: Argument "args" to "_build_cascade_for_attempt" has incompatible type "SimpleNamespace"; expected "Namespace"  [arg-type]
tests/test_enrichment_cascade_builder.py:157: error: Argument "args" to "_build_cascade_for_attempt" has incompatible type "SimpleNamespace"; expected "Namespace"  [arg-type]
tests/test_enrichment_adapters.py:56: error: Argument "args" to "_OllamaBackendAdapter" has incompatible type "SimpleNamespace"; expected "Namespace"  [arg-type]
tests/test_enrichment_adapters.py:92: error: Argument "args" to "_OllamaBackendAdapter" has incompatible type "SimpleNamespace"; expected "Namespace"  [arg-type]
tests/test_enrichment_adapters.py:134: error: Argument "args" to "_GatewayBackendAdapter" has incompatible type "SimpleNamespace"; expected "Namespace"  [arg-type]
tests/test_enrichment_adapters.py:163: error: Argument "args" to "_GatewayBackendAdapter" has incompatible type "SimpleNamespace"; expected "Namespace"  [arg-type]
tests/test_docgen_ruthless_graph.py:36: error: Need type annotation for "bad_graph"  [var-annotated]
tests/test_docgen_ruthless_graph.py:57: error: Need type annotation for "bad_graph"  [var-annotated]
tests/test_docgen_ruthless_graph.py:78: error: Need type annotation for "bad_graph"  [var-annotated]
tests/test_docgen_ren.py:77: error: Unsupported right operand type for in ("str | None")  [operator]
tests/test_docgen_ren.py:96: error: Unsupported right operand type for in ("str | None")  [operator]
tests/test_docgen_ren.py:115: error: Unsupported right operand type for in ("str | None")  [operator]
tests/test_docgen_ren.py:142: error: Unsupported right operand type for in ("str | None")  [operator]
scripts/rag_quality_check.py:72: error: Need type annotation for "issues"  [var-annotated]
scripts/rag/index_workspace.py:218: error: Returning Any from function declared to return "list[tuple[str, dict[Any, Any]]]"  [no-any-return]
scripts/rag/index_workspace.py:222: error: Returning Any from function declared to return "list[tuple[str, dict[Any, Any]]]"  [no-any-return]
scripts/rag/index_workspace.py:283: error: Incompatible types in assignment (expression has type "int", target has type "str")  [assignment]
scripts/rag/index_workspace.py:370: error: Need type annotation for "file_types" (hint: "file_types: dict[<type>, <type>] = ...")  [var-annotated]
llmc_mcp/tools/test_fs.py:96: error: Item "None" of "str | None" has no attribute "lower"  [union-attr]
llmc_mcp/tools/test_cmd.py:65: error: Unsupported right operand type for in ("str | None")  [operator]
llmc_mcp/tools/test_cmd.py:80: error: Unsupported right operand type for in ("str | None")  [operator]
llmc_mcp/tools/test_cmd.py:85: error: Unsupported right operand type for in ("str | None")  [operator]
llmc_mcp/tools/test_cmd.py:103: error: Item "None" of "str | None" has no attribute "lower"  [union-attr]
llmc_mcp/tools/linux_ops/proc.py:150: error: Returning Any from function declared to return "str | None"  [no-any-return]
tools/rag_router.py:144: error: Returning Any from function declared to return "str | None"  [no-any-return]
tools/rag_router.py:176: error: "PlanResult" has no attribute "get"  [attr-defined]
tools/rag_router.py:177: error: "PlanResult" has no attribute "get"  [attr-defined]
tools/rag_router.py:178: error: "PlanResult" has no attribute "get"  [attr-defined]
tools/rag_router.py:187: error: Argument 1 to "_estimate_complexity" of "RAGRouter" has incompatible type "PlanResult"; expected "dict[Any, Any]"  [arg-type]
tools/rag_router.py:190: error: Argument 2 to "_requires_reasoning" of "RAGRouter" has incompatible type "PlanResult"; expected "dict[Any, Any]"  [arg-type]
tools/rag_router.py:196: error: Argument 2 to "_requires_validation" of "RAGRouter" has incompatible type "PlanResult"; expected "dict[Any, Any]"  [arg-type]
tools/rag_router.py:349: error: Argument "rag_results" to "RoutingDecision" has incompatible type "PlanResult | None"; expected "dict[Any, Any] | None"  [arg-type]
tools/rag_repo/__init__.py:9: error: All conditional function variants must have identical signatures  [misc]
tools/rag_repo/__init__.py:9: note: Original:
tools/rag_repo/__init__.py:9: note:     def cli(argv: list[str] | None = ...) -> int
tools/rag_repo/__init__.py:9: note: Redefinition:
tools/rag_repo/__init__.py:9: note:     def cli(*_a: Any, **_k: Any) -> Any
tools/rag/indexer.py:44: error: Returning Any from function declared to return "int"  [no-any-return]
tools/rag/indexer.py:48: error: Returning Any from function declared to return "int"  [no-any-return]
tools/rag/indexer.py:52: error: Returning Any from function declared to return "int"  [no-any-return]
tools/rag/indexer.py:56: error: Returning Any from function declared to return "int"  [no-any-return]
tests/test_repo_add_idempotency.py:8: error: Library stubs not installed for "yaml"  [import-untyped]
tests/test_repo_add_idempotency.py:20: error: Incompatible types in assignment (expression has type "Path", variable has type "str")  [assignment]
tests/test_repo_add_idempotency.py:23: error: Unsupported left operand type for / ("str")  [operator]
tests/test_repo_add_idempotency.py:27: error: Unsupported left operand type for / ("str")  [operator]
tests/test_repo_add_idempotency.py:74: error: Incompatible types in assignment (expression has type "Path", variable has type "str")  [assignment]
tests/test_repo_add_idempotency.py:77: error: Unsupported left operand type for / ("str")  [operator]
tests/test_repo_add_idempotency.py:88: error: Unsupported left operand type for / ("str")  [operator]
tests/test_repo_add_idempotency.py:134: error: Incompatible types in assignment (expression has type "Path", variable has type "str")  [assignment]
tests/test_repo_add_idempotency.py:136: error: Unsupported left operand type for / ("str")  [operator]
tests/test_repo_add_idempotency.py:160: error: Unsupported left operand type for / ("str")  [operator]
tests/test_repo_add_idempotency.py:193: error: Incompatible types in assignment (expression has type "Path", variable has type "str")  [assignment]
tests/test_repo_add_idempotency.py:195: error: Unsupported left operand type for / ("str")  [operator]
tests/test_repo_add_idempotency.py:199: error: Unsupported left operand type for / ("str")  [operator]
tests/test_repo_add_idempotency.py:232: error: Incompatible types in assignment (expression has type "Path", variable has type "str")  [assignment]
tests/test_repo_add_idempotency.py:235: error: Unsupported left operand type for / ("str")  [operator]
tests/test_repo_add_idempotency.py:239: error: Unsupported left operand type for / ("str")  [operator]
tests/test_repo_add_idempotency.py:242: error: Unsupported left operand type for / ("str")  [operator]
tests/test_repo_add_idempotency.py:281: error: Incompatible types in assignment (expression has type "Path", variable has type "str")  [assignment]
tests/test_repo_add_idempotency.py:283: error: Unsupported left operand type for / ("str")  [operator]
tests/test_repo_add_idempotency.py:289: error: Unsupported left operand type for / ("str")  [operator]
tests/test_repo_add_idempotency.py:337: error: Incompatible types in assignment (expression has type "Path", variable has type "str")  [assignment]
tests/test_repo_add_idempotency.py:339: error: Unsupported left operand type for / ("str")  [operator]
tests/test_repo_add_idempotency.py:343: error: Unsupported left operand type for / ("str")  [operator]
tests/test_repo_add_idempotency.py:386: error: Incompatible types in assignment (expression has type "Path", variable has type "str")  [assignment]
tests/test_repo_add_idempotency.py:388: error: Unsupported left operand type for / ("str")  [operator]
tests/test_repo_add_idempotency.py:392: error: Unsupported left operand type for / ("str")  [operator]
tests/test_repo_add_idempotency.py:421: error: Incompatible types in assignment (expression has type "Path", variable has type "str")  [assignment]
tests/test_repo_add_idempotency.py:423: error: Unsupported left operand type for / ("str")  [operator]
tests/test_repo_add_idempotency.py:427: error: Unsupported left operand type for / ("str")  [operator]
tests/test_repo_add_idempotency.py:470: error: Incompatible types in assignment (expression has type "Path", variable has type "str")  [assignment]
tests/test_repo_add_idempotency.py:472: error: Unsupported left operand type for / ("str")  [operator]
tests/test_repo_add_idempotency.py:483: error: Unsupported left operand type for / ("str")  [operator]
tests/test_repo_add_idempotency.py:505: error: Incompatible types in assignment (expression has type "Path", variable has type "str")  [assignment]
tests/test_repo_add_idempotency.py:507: error: Unsupported left operand type for / ("str")  [operator]
tests/test_repo_add_idempotency.py:511: error: Unsupported left operand type for / ("str")  [operator]
tests/test_repo_add_idempotency.py:551: error: Incompatible types in assignment (expression has type "Path", variable has type "str")  [assignment]
tests/test_repo_add_idempotency.py:553: error: Unsupported left operand type for / ("str")  [operator]
tests/test_repo_add_idempotency.py:557: error: Unsupported left operand type for / ("str")  [operator]
tests/test_docgen_ruthless_batch.py:18: error: Signature of "generate_for_file" incompatible with supertype "llmc.docgen.types.DocgenBackend"  [override]
tests/test_docgen_ruthless_batch.py:18: note:      Superclass:
tests/test_docgen_ruthless_batch.py:18: note:          def generate_for_file(self, repo_root: Path, relative_path: Path, file_sha256: str, source_contents: str, existing_doc_contents: str | None, graph_context: str | None) -> DocgenResult
tests/test_docgen_ruthless_batch.py:18: note:      Subclass:
tests/test_docgen_ruthless_batch.py:18: note:          def generate_for_file(self, relative_path: Any, **kwargs: Any) -> Any
tests/test_docgen_ruthless_batch.py:46: error: Unsupported right operand type for in ("str | None")  [operator]
tests/test_docgen_ruthless.py:10: error: Signature of "generate_for_file" incompatible with supertype "llmc.docgen.types.DocgenBackend"  [override]
tests/test_docgen_ruthless.py:10: note:      Superclass:
tests/test_docgen_ruthless.py:10: note:          def generate_for_file(self, repo_root: Path, relative_path: Path, file_sha256: str, source_contents: str, existing_doc_contents: str | None, graph_context: str | None) -> DocgenResult
tests/test_docgen_ruthless.py:10: note:      Subclass:
tests/test_docgen_ruthless.py:10: note:          def generate_for_file(self, **kwargs: Any) -> Any
tests/test_docgen_ruthless.py:14: error: Signature of "generate_for_file" incompatible with supertype "llmc.docgen.types.DocgenBackend"  [override]
tests/test_docgen_ruthless.py:14: note:      Superclass:
tests/test_docgen_ruthless.py:14: note:          def generate_for_file(self, repo_root: Path, relative_path: Path, file_sha256: str, source_contents: str, existing_doc_contents: str | None, graph_context: str | None) -> DocgenResult
tests/test_docgen_ruthless.py:14: note:      Subclass:
tests/test_docgen_ruthless.py:14: note:          def generate_for_file(self, **kwargs: Any) -> Any
tests/test_docgen_ruthless.py:119: error: Unsupported right operand type for in ("str | None")  [operator]
tests/test_daemon_submission_path_safety.py:19: error: Incompatible types in assignment (expression has type "Path", variable has type "None")  [assignment]
tests/test_daemon_submission_path_safety.py:20: error: Incompatible types in assignment (expression has type "Path", variable has type "None")  [assignment]
tests/test_daemon_submission_path_safety.py:21: error: "None" has no attribute "mkdir"  [attr-defined]
tests/test_daemon_submission_path_safety.py:22: error: "None" has no attribute "mkdir"  [attr-defined]
tests/test_daemon_submission_path_safety.py:24: error: Unsupported left operand type for / ("None")  [operator]
tests/test_daemon_submission_path_safety.py:25: error: Unsupported left operand type for / ("None")  [operator]
tests/test_daemon_submission_path_safety.py:26: error: Unsupported left operand type for / ("None")  [operator]
tests/test_daemon_submission_path_safety.py:27: error: Unsupported left operand type for / ("None")  [operator]
tests/test_daemon_submission_path_safety.py:36: error: Incompatible types in assignment (expression has type "Path", variable has type "None")  [assignment]
tests/test_daemon_submission_path_safety.py:37: error: "None" has no attribute "mkdir"  [attr-defined]
tests/test_daemon_purge_guard.py:18: error: Incompatible types in assignment (expression has type "Path", variable has type "None")  [assignment]
tests/test_daemon_purge_guard.py:19: error: "None" has no attribute "mkdir"  [attr-defined]
tests/test_daemon_purge_guard.py:20: error: Unsupported left operand type for / ("None")  [operator]
tests/test_daemon_purge_guard.py:27: error: Incompatible types in assignment (expression has type "Path", variable has type "None")  [assignment]
tests/test_daemon_purge_guard.py:28: error: "None" has no attribute "mkdir"  [attr-defined]
tests/test_daemon_purge_guard.py:29: error: Unsupported left operand type for / ("None")  [operator]
tests/docgen/test_config.py:18: error: Need type annotation for "toml_data" (hint: "toml_data: dict[<type>, <type>] = ...")  [var-annotated]
tests/docgen/test_config.py:25: error: Need type annotation for "toml_data"  [var-annotated]
llmc_mcp/maasl.py:278: error: Argument "key" to "sort" of "list" has incompatible type "Callable[[dict[str, object]], object]"; expected "Callable[[dict[str, object]], SupportsDunderLT[Any] | SupportsDunderGT[Any]]"  [arg-type]
llmc_mcp/maasl.py:278: error: Incompatible return value type (got "object", expected "SupportsDunderLT[Any] | SupportsDunderGT[Any]")  [return-value]
llmc_mcp/maasl.py:283: error: Argument "resource_key" to "acquire" of "LockManager" has incompatible type "object"; expected "str"  [arg-type]
llmc_mcp/maasl.py:286: error: "object" has no attribute "lease_ttl_sec"  [attr-defined]
llmc_mcp/maasl.py:287: error: Argument "max_wait_ms" to "acquire" of "LockManager" has incompatible type "object"; expected "int"  [arg-type]
llmc_mcp/maasl.py:431: error: Argument "key" to "sort" of "list" has incompatible type "Callable[[dict[str, object]], object]"; expected "Callable[[dict[str, object]], SupportsDunderLT[Any] | SupportsDunderGT[Any]]"  [arg-type]
llmc_mcp/maasl.py:431: error: Incompatible return value type (got "object", expected "SupportsDunderLT[Any] | SupportsDunderGT[Any]")  [return-value]
llmc_mcp/maasl.py:436: error: Argument "resource_key" to "acquire" of "LockManager" has incompatible type "object"; expected "str"  [arg-type]
llmc_mcp/maasl.py:439: error: "object" has no attribute "lease_ttl_sec"  [attr-defined]
llmc_mcp/maasl.py:440: error: Argument "max_wait_ms" to "acquire" of "LockManager" has incompatible type "object"; expected "int"  [arg-type]
llmc/tui/screens/config.py:160: error: Incompatible types in assignment (expression has type "float", variable has type "str")  [assignment]
llmc/commands/docs.py:8: error: Library stubs not installed for "toml"  [import-untyped]
llmc/commands/docs.py:8: note: Hint: "python3 -m pip install types-toml"
llmc/commands/docs.py:8: note: (or run "mypy --install-types" to install all missing stub packages)
llmc/commands/docs.py:8: note: See https://mypy.readthedocs.io/en/stable/running_mypy.html#missing-imports
build/lib/tools/rag_router.py:144: error: Returning Any from function declared to return "str | None"  [no-any-return]
build/lib/tools/rag_router.py:176: error: "PlanResult" has no attribute "get"  [attr-defined]
build/lib/tools/rag_router.py:177: error: "PlanResult" has no attribute "get"  [attr-defined]
build/lib/tools/rag_router.py:178: error: "PlanResult" has no attribute "get"  [attr-defined]
build/lib/tools/rag_router.py:187: error: Argument 1 to "_estimate_complexity" of "RAGRouter" has incompatible type "PlanResult"; expected "dict[Any, Any]"  [arg-type]
build/lib/tools/rag_router.py:190: error: Argument 2 to "_requires_reasoning" of "RAGRouter" has incompatible type "PlanResult"; expected "dict[Any, Any]"  [arg-type]
build/lib/tools/rag_router.py:196: error: Argument 2 to "_requires_validation" of "RAGRouter" has incompatible type "PlanResult"; expected "dict[Any, Any]"  [arg-type]
build/lib/tools/rag_router.py:349: error: Argument "rag_results" to "RoutingDecision" has incompatible type "PlanResult | None"; expected "dict[Any, Any] | None"  [arg-type]
build/lib/llmc_mcp/maasl.py:278: error: Argument "key" to "sort" of "list" has incompatible type "Callable[[dict[str, object]], object]"; expected "Callable[[dict[str, object]], SupportsDunderLT[Any] | SupportsDunderGT[Any]]"  [arg-type]
build/lib/llmc_mcp/maasl.py:278: error: Incompatible return value type (got "object", expected "SupportsDunderLT[Any] | SupportsDunderGT[Any]")  [return-value]
build/lib/llmc_mcp/maasl.py:283: error: Argument "resource_key" to "acquire" of "LockManager" has incompatible type "object"; expected "str"  [arg-type]
build/lib/llmc_mcp/maasl.py:286: error: "object" has no attribute "lease_ttl_sec"  [attr-defined]
build/lib/llmc_mcp/maasl.py:287: error: Argument "max_wait_ms" to "acquire" of "LockManager" has incompatible type "object"; expected "int"  [arg-type]
build/lib/llmc_mcp/maasl.py:431: error: Argument "key" to "sort" of "list" has incompatible type "Callable[[dict[str, object]], object]"; expected "Callable[[dict[str, object]], SupportsDunderLT[Any] | SupportsDunderGT[Any]]"  [arg-type]
build/lib/llmc_mcp/maasl.py:431: error: Incompatible return value type (got "object", expected "SupportsDunderLT[Any] | SupportsDunderGT[Any]")  [return-value]
build/lib/llmc_mcp/maasl.py:436: error: Argument "resource_key" to "acquire" of "LockManager" has incompatible type "object"; expected "str"  [arg-type]
build/lib/llmc_mcp/maasl.py:439: error: "object" has no attribute "lease_ttl_sec"  [attr-defined]
build/lib/llmc_mcp/maasl.py:440: error: Argument "max_wait_ms" to "acquire" of "LockManager" has incompatible type "object"; expected "int"  [arg-type]
tools/rag/inspector.py:226: error: Incompatible types in assignment (expression has type "int", target has type "None")  [assignment]
tools/rag/inspector.py:310: error: Argument 2 to "_read_file_content" has incompatible type "Path | None"; expected "Path"  [arg-type]
tools/rag/inspector.py:443: error: Item "None" of "Path | None" has no attribute "stem"  [union-attr]
tools/rag/inspector.py:461: error: Argument 2 to "_get_provenance" has incompatible type "Path | None"; expected "Path"  [arg-type]
tools/rag/inspector.py:464: error: Argument 2 to "_get_provenance" has incompatible type "Path | None"; expected "Path"  [arg-type]
tools/rag/canary_eval.py:82: error: Argument 1 to "precision_at_k" has incompatible type "list[SearchItem]"; expected "list[object]"  [arg-type]
tools/rag/canary_eval.py:82: note: "list" is invariant -- see https://mypy.readthedocs.io/en/stable/common_issues.html#variance
tools/rag/canary_eval.py:82: note: Consider using "Sequence" instead, which is covariant
tests/test_routing_comprehensive.py:119: error: "Callable[[Path | None], dict[Any, Any]]" has no attribute "cache_clear"  [attr-defined]
tests/test_routing_comprehensive.py:137: error: "Callable[[Path | None], dict[Any, Any]]" has no attribute "cache_clear"  [attr-defined]
tests/test_rag_repo_workspace_pathsafety.py:41: error: Argument 2 to "plan_workspace" has incompatible type "tests.test_rag_repo_workspace_pathsafety.ToolConfig"; expected "tools.rag_repo.models.ToolConfig"  [arg-type]
tests/test_rag_repo_workspace_pathsafety.py:41: error: Argument 3 to "plan_workspace" has incompatible type "Inspection"; expected "RepoInspection"  [arg-type]
tests/test_rag_repo_workspace_pathsafety.py:54: error: Argument 2 to "plan_workspace" has incompatible type "tests.test_rag_repo_workspace_pathsafety.ToolConfig"; expected "tools.rag_repo.models.ToolConfig"  [arg-type]
tests/test_rag_repo_workspace_pathsafety.py:54: error: Argument 3 to "plan_workspace" has incompatible type "Inspection"; expected "RepoInspection"  [arg-type]
tests/test_rag_repo_registry_pathsafety.py:5: error: Library stubs not installed for "yaml"  [import-untyped]
tests/test_p0_acceptance.py:57: error: Argument "repo_root" to "tool_rag_search" has incompatible type "str"; expected "Path"  [arg-type]
tests/test_p0_acceptance.py:58: error: Argument "repo_root" to "tool_rag_where_used" has incompatible type "str"; expected "Path"  [arg-type]
tests/test_p0_acceptance.py:59: error: Argument "repo_root" to "tool_rag_lineage" has incompatible type "str"; expected "Path"  [arg-type]
tests/test_p0_acceptance.py:77: error: Argument "repo_root" to "tool_rag_search" has incompatible type "str"; expected "Path"  [arg-type]
tests/test_ollama_live.py:29: error: Library stubs not installed for "requests"  [import-untyped]
tests/test_maasl_facade.py:149: error: Incompatible types in assignment (expression has type "str", target has type "None")  [assignment]
tests/test_maasl_facade.py:182: error: Cannot assign to a method  [method-assign]
tests/test_enrichment_data_integration_failure.py:100: error: Incompatible types in assignment (expression has type "WhereUsedResult", variable has type "SearchResult")  [assignment]
tests/routing/test_query_type_phase1_change1.py:8: error: Unsupported operand types for >= ("float" and "None")  [operator]
tests/routing/test_query_type_phase1_change1.py:8: note: Left operand is of type "Any | None"
tests/routing/test_query_type_phase1_change1.py:16: error: Unsupported operand types for >= ("float" and "None")  [operator]
tests/routing/test_query_type_phase1_change1.py:16: note: Left operand is of type "Any | None"
scripts/verify_docgen_phase1.py:7: error: Library stubs not installed for "toml"  [import-untyped]
scripts/maasl_stress_test.py:25: error: Module "llmc_mcp.maasl" has no attribute "call_with_stomp_guard"  [attr-defined]
scripts/maasl_stress_test.py:37: error: Need type annotation for "errors" (hint: "errors: list[<type>] = ...")  [var-annotated]
scripts/maasl_stress_test.py:38: error: Need type annotation for "lock_waits" (hint: "lock_waits: list[<type>] = ...")  [var-annotated]
scripts/maasl_stress_test.py:257: error: Need type annotation for "queue"  [var-annotated]
patches/tests/routing/test_query_type_phase1_change1.py:10: error: Unsupported operand types for >= ("float" and "None")  [operator]
patches/tests/routing/test_query_type_phase1_change1.py:10: note: Left operand is of type "Any | None"
patches/tests/routing/test_query_type_phase1_change1.py:17: error: Unsupported operand types for >= ("float" and "None")  [operator]
patches/tests/routing/test_query_type_phase1_change1.py:17: note: Left operand is of type "Any | None"
llmc_mcp/merge_meta.py:133: error: Returning Any from function declared to return "MergeResult"  [no-any-return]
llmc_mcp/tools/fs_protected.py:87: error: Returning Any from function declared to return "FsResult"  [no-any-return]
llmc_mcp/tools/fs_protected.py:107: error: "ResourceBusyError" has no attribute "message"  [attr-defined]
llmc_mcp/tools/fs_protected.py:163: error: Returning Any from function declared to return "FsResult"  [no-any-return]
llmc_mcp/tools/fs_protected.py:180: error: "ResourceBusyError" has no attribute "message"  [attr-defined]
llmc_mcp/tools/fs_protected.py:234: error: Returning Any from function declared to return "FsResult"  [no-any-return]
llmc_mcp/tools/fs_protected.py:247: error: "ResourceBusyError" has no attribute "message"  [attr-defined]
llmc_mcp/tools/fs_protected.py:297: error: Returning Any from function declared to return "FsResult"  [no-any-return]
llmc_mcp/tools/fs_protected.py:314: error: "ResourceBusyError" has no attribute "message"  [attr-defined]
build/lib/llmc_mcp/merge_meta.py:133: error: Returning Any from function declared to return "MergeResult"  [no-any-return]
tools/rag_nav/envelope.py:32: error: Argument "status" to "RagToolMeta" has incompatible type "str"; expected "Literal['OK', 'FALLBACK', 'ERROR']"  [arg-type]
tools/rag_nav/envelope.py:35: error: Argument "source" to "RagToolMeta" has incompatible type "str"; expected "Literal['RAG_GRAPH', 'LOCAL_FALLBACK', 'NONE']"  [arg-type]
tools/rag_nav/envelope.py:36: error: Argument "freshness_state" to "RagToolMeta" has incompatible type "str"; expected "Literal['FRESH', 'STALE', 'UNKNOWN']"  [arg-type]
tools/rag_nav/envelope.py:65: error: Incompatible return value type (got "RagResult[dict[Any, Any]]", expected "RagResult[SearchItem]")  [return-value]
tools/rag_nav/envelope.py:69: error: Argument "source" has incompatible type "Any | str"; expected "Literal['RAG_GRAPH', 'LOCAL_FALLBACK', 'NONE']"  [arg-type]
tools/rag_nav/envelope.py:69: error: Argument "freshness_state" has incompatible type "Any | str"; expected "Literal['FRESH', 'STALE', 'UNKNOWN']"  [arg-type]
tools/rag_nav/envelope.py:77: error: Incompatible return value type (got "RagResult[dict[Any, Any]]", expected "RagResult[WhereUsedItem]")  [return-value]
tools/rag_nav/envelope.py:81: error: Argument "source" has incompatible type "Any | str"; expected "Literal['RAG_GRAPH', 'LOCAL_FALLBACK', 'NONE']"  [arg-type]
tools/rag_nav/envelope.py:81: error: Argument "freshness_state" has incompatible type "Any | str"; expected "Literal['FRESH', 'STALE', 'UNKNOWN']"  [arg-type]
tools/rag_nav/envelope.py:98: error: Argument "source" has incompatible type "Any | str"; expected "Literal['RAG_GRAPH', 'LOCAL_FALLBACK', 'NONE']"  [arg-type]
tools/rag_nav/envelope.py:98: error: Argument "freshness_state" has incompatible type "Any | str"; expected "Literal['FRESH', 'STALE', 'UNKNOWN']"  [arg-type]
tools/rag_nav/cli.py:28: error: Argument "status" to "RagToolMeta" has incompatible type "str"; expected "Literal['OK', 'FALLBACK', 'ERROR']"  [arg-type]
tools/rag_nav/cli.py:133: error: Incompatible types in assignment (expression has type "WhereUsedResult", variable has type "SearchResult")  [assignment]
tools/rag_nav/cli.py:142: error: Unexpected keyword argument "limit" for "tool_rag_lineage"  [call-arg]
tools/rag_nav/tool_handlers.py:820: note: "tool_rag_lineage" defined here
tools/rag_nav/cli.py:142: error: Incompatible types in assignment (expression has type "LineageResult", variable has type "SearchResult")  [assignment]
tests/test_router.py:14: error: Need type annotation for "config" (hint: "config: dict[<type>, <type>] = ...")  [var-annotated]
tests/test_enrichment_spanhash_and_fallbacks.py:44: error: Value of type "EnrichmentData | None" is not indexable  [index]
tests/test_enrichment_spanhash_and_fallbacks.py:78: error: Value of type "EnrichmentData | None" is not indexable  [index]
tests/test_enrichment_spanhash_and_fallbacks.py:89: error: Value of type "EnrichmentData | None" is not indexable  [index]
tests/REPORTS/adversarial_routing_test.py:143: error: Incompatible types in assignment (expression has type "dict[str, str]", variable has type "dict[str, Collection[str]]")  [assignment]
tests/REPORTS/adversarial_routing_test.py:143: note: "dict" is invariant -- see https://mypy.readthedocs.io/en/stable/common_issues.html#variance
tests/REPORTS/adversarial_routing_test.py:143: note: Consider using "Mapping" instead, which is covariant in the value type
llmc_mcp/benchmarks/runner.py:105: error: Missing positional argument "self" in call to "reset" of "MetricsCollector"  [call-arg]
tools/rag/enrichment_pipeline.py:296: error: Argument 1 to "classify_span" of "FileClassifier" has incompatible type "ItemWrapper"; expected "SpanWorkItem"  [arg-type]
tools/rag/enrichment.py:33: error: Incompatible types in assignment (expression has type "None", variable has type "list[str]")  [assignment]
tools/rag/context_trimmer.py:88: error: Function "builtins.any" is not valid as a type  [valid-type]
tools/rag/context_trimmer.py:88: note: Perhaps you meant "typing.Any" instead of "any"?
tools/rag/context_trimmer.py:196: error: Function "builtins.any" is not valid as a type  [valid-type]
tools/rag/context_trimmer.py:196: note: Perhaps you meant "typing.Any" instead of "any"?
tools/rag/context_trimmer.py:262: error: Function "builtins.any" is not valid as a type  [valid-type]
tools/rag/context_trimmer.py:262: note: Perhaps you meant "typing.Any" instead of "any"?
tools/rag/eval/routing_eval.py:88: error: Incompatible types in assignment (expression has type "None", variable has type "bool")  [assignment]
tests/test_routing_integration.py:141: error: "Callable[[str, Path | None], str]" has no attribute "cache_clear"  [attr-defined]
tests/test_routing_integration.py:168: error: "Callable[[str, str, Path | None], tuple[str, str]]" has no attribute "cache_clear"  [attr-defined]
tests/test_routing_integration.py:188: error: "Callable[[str, str, Path | None], tuple[str, str]]" has no attribute "cache_clear"  [attr-defined]
tests/test_routing_integration.py:209: error: "Callable[[str, str, Path | None], tuple[str, str]]" has no attribute "cache_clear"  [attr-defined]
tests/test_routing_integration.py:239: error: "Callable[[str, str, Path | None], tuple[str, str]]" has no attribute "cache_clear"  [attr-defined]
tests/test_routing_integration.py:291: error: "Callable[[Path | None], dict[Any, Any]]" has no attribute "cache_clear"  [attr-defined]
tests/test_routing_integration.py:335: error: "Callable[[Path | None], dict[Any, Any]]" has no attribute "cache_clear"  [attr-defined]
tests/test_routing_integration.py:336: error: "Callable[[str, Path | None], str]" has no attribute "cache_clear"  [attr-defined]
tests/test_routing_integration.py:337: error: "Callable[[str, str, Path | None], tuple[str, str]]" has no attribute "cache_clear"  [attr-defined]
tests/test_rag_nav_comprehensive.py:1618: error: "object" has no attribute "append"  [attr-defined]
tests/test_rag_nav_comprehensive.py:1620: error: Unsupported operand types for + ("object" and "int")  [operator]
tests/test_rag_nav_comprehensive.py:1622: error: Unsupported operand types for + ("object" and "int")  [operator]
tests/test_rag_nav_comprehensive.py:1624: error: Generator has incompatible item type "object"; expected "bool"  [misc]
tests/test_rag_nav_comprehensive.py:1625: error: Generator has incompatible item type "object"; expected "bool"  [misc]
tests/test_rag_nav_comprehensive.py:1638: error: Unsupported left operand type for + ("object")  [operator]
tests/test_rag_nav_comprehensive.py:1639: error: Unsupported left operand type for + ("object")  [operator]
tests/test_rag_nav_comprehensive.py:1643: error: Unsupported left operand type for + ("object")  [operator]
tests/test_rag_nav_comprehensive.py:1671: error: Unsupported left operand type for + ("object")  [operator]
tests/test_rag_benchmark.py:89: error: Need type annotation for "vector_a" (hint: "vector_a: list[<type>] = ...")  [var-annotated]
tests/test_rag_benchmark.py:90: error: Need type annotation for "vector_b" (hint: "vector_b: list[<type>] = ...")  [var-annotated]
tests/test_rag_benchmark.py:200: error: Property "name" defined in "BenchmarkCase" is read-only  [misc]
tests/test_query_routing_integration.py:140: error: Value of type "dict[str, Any] | None" is not indexable  [index]
tests/test_query_routing_integration.py:148: error: Value of type "dict[str, Any] | None" is not indexable  [index]
tests/test_query_routing_integration.py:168: error: "Callable[[Path | None], dict[Any, Any]]" has no attribute "cache_clear"  [attr-defined]
tests/test_maasl_phase8.py:46: error: Dict entry 0 has incompatible type "str": "str"; expected "str": "dict[str, Any]"  [dict-item]
tests/test_maasl_phase8.py:47: error: Argument "properties_to_clear" to "GraphPatch" has incompatible type "list[Never]"; expected "dict[str, list[str]]"  [arg-type]
tests/test_enrichment_code_first.py:79: error: Function "builtins.callable" is not valid as a type  [valid-type]
tests/test_enrichment_code_first.py:79: note: Perhaps you meant "typing.Callable" instead of "callable"?
llmc_mcp/tools/rag.py:214: error: Item "float" of "float | list[int] | int | str | dict[str, Any] | None" has no attribute "get"  [union-attr]
llmc_mcp/tools/rag.py:214: error: Item "list[int]" of "float | list[int] | int | str | dict[str, Any] | None" has no attribute "get"  [union-attr]
llmc_mcp/tools/rag.py:214: error: Item "int" of "float | list[int] | int | str | dict[str, Any] | None" has no attribute "get"  [union-attr]
llmc_mcp/tools/rag.py:214: error: Item "str" of "float | list[int] | int | str | dict[str, Any] | None" has no attribute "get"  [union-attr]
llmc_mcp/tools/rag.py:214: error: Item "None" of "float | list[int] | int | str | dict[str, Any] | None" has no attribute "get"  [union-attr]
llmc_mcp/tools/rag.py:216: error: Item "float" of "float | list[int] | int | str | dict[str, Any] | None" has no attribute "get"  [union-attr]
llmc_mcp/tools/rag.py:216: error: Item "list[int]" of "float | list[int] | int | str | dict[str, Any] | None" has no attribute "get"  [union-attr]
llmc_mcp/tools/rag.py:216: error: Item "int" of "float | list[int] | int | str | dict[str, Any] | None" has no attribute "get"  [union-attr]
llmc_mcp/tools/rag.py:216: error: Item "str" of "float | list[int] | int | str | dict[str, Any] | None" has no attribute "get"  [union-attr]
llmc_mcp/tools/rag.py:216: error: Item "None" of "float | list[int] | int | str | dict[str, Any] | None" has no attribute "get"  [union-attr]
tools/rag/cli.py:743: error: Argument 1 to "asdict" has incompatible type "DataclassInstance | type[DataclassInstance]"; expected "DataclassInstance"  [arg-type]
tools/rag/cli.py:849: error: Returning Any from function declared to return "dict[Any, Any] | None"  [no-any-return]
tests/test_worker_pool_comprehensive.py:94: error: Item "None" of "RepoState | None" has no attribute "last_run_status"  [union-attr]
tests/test_worker_pool_comprehensive.py:95: error: Item "None" of "RepoState | None" has no attribute "consecutive_failures"  [union-attr]
tests/test_worker_pool_comprehensive.py:96: error: Item "None" of "RepoState | None" has no attribute "last_error_reason"  [union-attr]
tests/test_worker_pool_comprehensive.py:97: error: Item "None" of "RepoState | None" has no attribute "last_run_finished_at"  [union-attr]
tests/test_worker_pool_comprehensive.py:98: error: Item "None" of "RepoState | None" has no attribute "next_eligible_at"  [union-attr]
tests/test_worker_pool_comprehensive.py:102: error: Item "None" of "RepoState | None" has no attribute "next_eligible_at"  [union-attr]
tests/test_worker_pool_comprehensive.py:105: error: Item "None" of "RepoState | None" has no attribute "next_eligible_at"  [union-attr]
tests/test_worker_pool_comprehensive.py:151: error: Item "None" of "RepoState | None" has no attribute "last_run_status"  [union-attr]
tests/test_worker_pool_comprehensive.py:152: error: Item "None" of "RepoState | None" has no attribute "consecutive_failures"  [union-attr]
tests/test_worker_pool_comprehensive.py:153: error: Item "None" of "RepoState | None" has no attribute "last_error_reason"  [union-attr]
tests/test_worker_pool_comprehensive.py:154: error: Item "None" of "RepoState | None" has no attribute "last_error_reason"  [union-attr]
tests/test_worker_pool_comprehensive.py:155: error: Item "None" of "RepoState | None" has no attribute "last_run_finished_at"  [union-attr]
tests/test_worker_pool_comprehensive.py:202: error: Item "None" of "RepoState | None" has no attribute "consecutive_failures"  [union-attr]
tests/test_worker_pool_comprehensive.py:203: error: Item "None" of "RepoState | None" has no attribute "last_run_status"  [union-attr]
tests/test_worker_pool_comprehensive.py:256: error: Item "None" of "RepoState | None" has no attribute "next_eligible_at"  [union-attr]
tests/test_worker_pool_comprehensive.py:260: error: Item "None" of "RepoState | None" has no attribute "next_eligible_at"  [union-attr]
tests/test_worker_pool_comprehensive.py:313: error: Item "None" of "RepoState | None" has no attribute "next_eligible_at"  [union-attr]
tests/test_worker_pool_comprehensive.py:313: error: Unsupported left operand type for - ("None")  [operator]
tests/test_worker_pool_comprehensive.py:313: note: Left operand is of type "datetime | Any | None"
tests/test_worker_pool_comprehensive.py:529: error: Item "None" of "RepoState | None" has no attribute "last_run_status"  [union-attr]
tests/test_worker_pool_comprehensive.py:530: error: Item "None" of "RepoState | None" has no attribute "consecutive_failures"  [union-attr]
tests/test_worker_pool_comprehensive.py:537: error: Item "None" of "RepoState | None" has no attribute "last_run_status"  [union-attr]
tests/test_worker_pool_comprehensive.py:538: error: Item "None" of "RepoState | None" has no attribute "consecutive_failures"  [union-attr]
tests/test_worker_pool_comprehensive.py:539: error: Item "None" of "RepoState | None" has no attribute "last_run_finished_at"  [union-attr]
tests/test_worker_pool_comprehensive.py:584: error: Item "None" of "RepoState | None" has no attribute "last_run_status"  [union-attr]
tests/test_worker_pool_comprehensive.py:585: error: Item "None" of "RepoState | None" has no attribute "consecutive_failures"  [union-attr]
tests/test_worker_pool_comprehensive.py:586: error: Item "None" of "RepoState | None" has no attribute "last_error_reason"  [union-attr]
tests/test_error_handling_comprehensive.py:19: error: Library stubs not installed for "yaml"  [import-untyped]
tests/test_error_handling_comprehensive.py:19: note: Hint: "python3 -m pip install types-PyYAML"
tests/test_error_handling_comprehensive.py:52: error: Module has no attribute "CorruptDatabaseError"  [attr-defined]
tests/test_error_handling_comprehensive.py:509: error: Argument 1 to "load_tool_config" has incompatible type "Path"; expected "str | None"  [arg-type]
tests/test_error_handling_comprehensive.py:530: error: Argument 1 to "load_tool_config" has incompatible type "Path"; expected "str | None"  [arg-type]
tests/test_enrichment_integration.py:99: error: Function "builtins.callable" is not valid as a type  [valid-type]
tests/test_enrichment_integration.py:99: note: Perhaps you meant "typing.Callable" instead of "callable"?
tests/test_enrichment_integration.py:135: error: Argument 3 to "_insert_file_and_span" has incompatible type "Path"; expected "str"  [arg-type]
tests/test_enrichment_integration.py:182: error: Argument 3 to "_insert_file_and_span" has incompatible type "Path"; expected "str"  [arg-type]
tests/test_enrichment_integration.py:248: error: Argument 3 to "_insert_file_and_span" has incompatible type "Path"; expected "str"  [arg-type]
llmc_mcp/server.py:784: error: Argument 1 to "signature" has incompatible type "function"; expected "Callable[..., Any]"  [arg-type]
llmc_mcp/server.py:786: error: Cannot call function of unknown type  [operator]
llmc_mcp/server.py:788: error: Cannot call function of unknown type  [operator]
llmc_mcp/server.py:797: error: Returning Any from function declared to return "dict[Any, Any]"  [no-any-return]
llmc_mcp/server.py:947: error: Cannot call function of unknown type  [operator]
llmc_mcp/server.py:949: error: Cannot call function of unknown type  [operator]
llmc_mcp/server.py:1007: error: Returning Any from function declared to return "list[Any]"  [no-any-return]
llmc_mcp/server.py:1248: error: Missing named argument "enable_routing" for "EnrichmentRouter"  [call-arg]
llmc_mcp/server.py:1248: error: Missing named argument "routes" for "EnrichmentRouter"  [call-arg]
llmc_mcp/server.py:1248: error: Argument 1 to "EnrichmentRouter" has incompatible type "Path"; expected "EnrichmentConfig"  [arg-type]
llmc_mcp/server.py:1249: error: "EnrichmentRouter" has no attribute "route_query"  [attr-defined]
build/lib/llmc_mcp/server.py:771: error: Argument 1 to "signature" has incompatible type "function"; expected "Callable[..., Any]"  [arg-type]
build/lib/llmc_mcp/server.py:773: error: Cannot call function of unknown type  [operator]
build/lib/llmc_mcp/server.py:775: error: Cannot call function of unknown type  [operator]
build/lib/llmc_mcp/server.py:784: error: Returning Any from function declared to return "dict[Any, Any]"  [no-any-return]
build/lib/llmc_mcp/server.py:930: error: Cannot call function of unknown type  [operator]
build/lib/llmc_mcp/server.py:932: error: Cannot call function of unknown type  [operator]
build/lib/llmc_mcp/server.py:990: error: Returning Any from function declared to return "list[Any]"  [no-any-return]
build/lib/llmc_mcp/server.py:1231: error: Missing named argument "enable_routing" for "EnrichmentRouter"  [call-arg]
build/lib/llmc_mcp/server.py:1231: error: Missing named argument "routes" for "EnrichmentRouter"  [call-arg]
build/lib/llmc_mcp/server.py:1231: error: Argument 1 to "EnrichmentRouter" has incompatible type "Path"; expected "EnrichmentConfig"  [arg-type]
build/lib/llmc_mcp/server.py:1232: error: "EnrichmentRouter" has no attribute "route_query"  [attr-defined]
build/lib/llmc_mcp/server.py:1450: error: Unexpected keyword argument "allowlist" for "run_cmd"  [call-arg]
build/lib/llmc_mcp/server.py:1453: error: "McpToolsConfig" has no attribute "run_cmd_allowlist"; maybe "run_cmd_blacklist"?  [attr-defined]
llmc_mcp/tools/cmd.py:77: note: "run_cmd" defined here
tools/rag_daemon/main.py:77: error: Function "builtins.any" is not valid as a type  [valid-type]
tools/rag_daemon/main.py:77: note: Perhaps you meant "typing.Any" instead of "any"?
tools/rag_daemon/main.py:93: error: any? has no attribute "info"  [attr-defined]
tools/rag_daemon/main.py:97: error: any? has no attribute "info"  [attr-defined]
tools/rag_daemon/main.py:98: error: any? has no attribute "info"  [attr-defined]
tools/rag_daemon/main.py:104: error: any? has no attribute "info"  [attr-defined]
tools/rag_daemon/main.py:106: error: any? has no attribute "info"  [attr-defined]
tools/rag_daemon/main.py:180: error: Argument 1 to "int" has incompatible type "str | int | None"; expected "str | Buffer | SupportsInt | SupportsIndex | SupportsTrunc"  [arg-type]
tests/test_scheduler_eligibility_comprehensive.py:67: error: Argument 2 to "Scheduler" has incompatible type "DummyRegistry"; expected "RegistryClient"  [arg-type]
tests/test_scheduler_eligibility_comprehensive.py:67: error: Argument 4 to "Scheduler" has incompatible type "DummyWorkers"; expected "WorkerPool"  [arg-type]
tests/test_scheduler_eligibility_comprehensive.py:85: error: Argument 2 to "Scheduler" has incompatible type "DummyRegistry"; expected "RegistryClient"  [arg-type]
tests/test_scheduler_eligibility_comprehensive.py:85: error: Argument 4 to "Scheduler" has incompatible type "DummyWorkers"; expected "WorkerPool"  [arg-type]
tests/test_scheduler_eligibility_comprehensive.py:107: error: Argument 2 to "Scheduler" has incompatible type "DummyRegistry"; expected "RegistryClient"  [arg-type]
tests/test_scheduler_eligibility_comprehensive.py:107: error: Argument 4 to "Scheduler" has incompatible type "DummyWorkers"; expected "WorkerPool"  [arg-type]
tests/test_scheduler_eligibility_comprehensive.py:141: error: Argument 2 to "Scheduler" has incompatible type "DummyRegistry"; expected "RegistryClient"  [arg-type]
tests/test_scheduler_eligibility_comprehensive.py:141: error: Argument 4 to "Scheduler" has incompatible type "DummyWorkers"; expected "WorkerPool"  [arg-type]
tests/test_scheduler_eligibility_comprehensive.py:176: error: Argument 2 to "Scheduler" has incompatible type "DummyRegistry"; expected "RegistryClient"  [arg-type]
tests/test_scheduler_eligibility_comprehensive.py:176: error: Argument 4 to "Scheduler" has incompatible type "DummyWorkers"; expected "WorkerPool"  [arg-type]
tests/test_scheduler_eligibility_comprehensive.py:211: error: Argument 2 to "Scheduler" has incompatible type "DummyRegistry"; expected "RegistryClient"  [arg-type]
tests/test_scheduler_eligibility_comprehensive.py:211: error: Argument 4 to "Scheduler" has incompatible type "DummyWorkers"; expected "WorkerPool"  [arg-type]
tests/test_scheduler_eligibility_comprehensive.py:245: error: Argument 2 to "Scheduler" has incompatible type "DummyRegistry"; expected "RegistryClient"  [arg-type]
tests/test_scheduler_eligibility_comprehensive.py:245: error: Argument 4 to "Scheduler" has incompatible type "DummyWorkers"; expected "WorkerPool"  [arg-type]
tests/test_scheduler_eligibility_comprehensive.py:303: error: Argument 2 to "Scheduler" has incompatible type "DummyRegistry"; expected "RegistryClient"  [arg-type]
tests/test_scheduler_eligibility_comprehensive.py:303: error: Argument 4 to "Scheduler" has incompatible type "DummyWorkers"; expected "WorkerPool"  [arg-type]
tests/test_scheduler_eligibility_comprehensive.py:360: error: Argument 2 to "Scheduler" has incompatible type "DummyRegistry"; expected "RegistryClient"  [arg-type]
tests/test_scheduler_eligibility_comprehensive.py:360: error: Argument 4 to "Scheduler" has incompatible type "DummyWorkers"; expected "WorkerPool"  [arg-type]
tests/test_scheduler_eligibility_comprehensive.py:416: error: Argument 2 to "Scheduler" has incompatible type "DummyRegistry"; expected "RegistryClient"  [arg-type]
tests/test_scheduler_eligibility_comprehensive.py:416: error: Argument 4 to "Scheduler" has incompatible type "DummyWorkers"; expected "WorkerPool"  [arg-type]
tests/test_scheduler_eligibility_comprehensive.py:440: error: Argument 2 to "Scheduler" has incompatible type "DummyRegistry"; expected "RegistryClient"  [arg-type]
tests/test_scheduler_eligibility_comprehensive.py:440: error: Argument 4 to "Scheduler" has incompatible type "DummyWorkers"; expected "WorkerPool"  [arg-type]
tests/test_rag_daemon_scheduler_edge_cases.py:530: error: Unsupported operand types for < ("timedelta" and "None")  [operator]
tests/test_rag_daemon_scheduler_edge_cases.py:530: note: Left operand is of type "timedelta | None"
tests/test_rag_daemon_e2e_smoke.py:9: error: Library stubs not installed for "yaml"  [import-untyped]
tests/test_rag_daemon_complete.py:9: error: Library stubs not installed for "yaml"  [import-untyped]
tests/test_rag_daemon_complete.py:219: error: Item "None" of "RepoState | None" has no attribute "consecutive_failures"  [union-attr]
tests/test_rag_daemon_complete.py:346: error: Need type annotation for "scheduled" (hint: "scheduled: list[<type>] = ...")  [var-annotated]
tests/test_rag_daemon_complete.py:634: error: Item "None" of "RepoState | None" has no attribute "last_run_status"  [union-attr]
tests/test_rag_daemon_complete.py:662: error: Item "None" of "RepoState | None" has no attribute "last_run_status"  [union-attr]
tests/test_rag_daemon_complete.py:663: error: Item "None" of "RepoState | None" has no attribute "consecutive_failures"  [union-attr]
tests/test_rag_daemon_complete.py:664: error: Item "None" of "RepoState | None" has no attribute "last_run_finished_at"  [union-attr]
tests/test_rag_daemon_complete.py:692: error: Item "None" of "RepoState | None" has no attribute "last_run_status"  [union-attr]
tests/test_rag_daemon_complete.py:693: error: Item "None" of "RepoState | None" has no attribute "consecutive_failures"  [union-attr]
tests/test_rag_daemon_complete.py:694: error: Item "None" of "RepoState | None" has no attribute "next_eligible_at"  [union-attr]
tests/test_rag_daemon_complete.py:695: error: Item "None" of "RepoState | None" has no attribute "last_error_reason"  [union-attr]
tests/test_rag_daemon_complete.py:766: error: Incompatible types in assignment (expression has type "RepoState | None", variable has type "RepoState")  [assignment]
tests/test_multiple_registry_entries.py:8: error: Library stubs not installed for "yaml"  [import-untyped]
tests/test_multiple_registry_entries.py:25: error: Incompatible types in assignment (expression has type "Path", variable has type "str")  [assignment]
tests/test_multiple_registry_entries.py:28: error: Unsupported left operand type for / ("str")  [operator]
tests/test_multiple_registry_entries.py:32: error: Unsupported left operand type for / ("str")  [operator]
tests/test_multiple_registry_entries.py:36: error: Unsupported left operand type for / ("str")  [operator]
tests/test_multiple_registry_entries.py:41: error: Unsupported left operand type for / ("str")  [operator]
tests/test_multiple_registry_entries.py:80: error: Unsupported left operand type for / ("str")  [operator]
tests/test_multiple_registry_entries.py:81: error: Unsupported left operand type for / ("str")  [operator]
tests/test_multiple_registry_entries.py:82: error: Unsupported left operand type for / ("str")  [operator]
tests/test_multiple_registry_entries.py:120: error: "WorkerPool" has no attribute "submitted"  [attr-defined]
tests/test_multiple_registry_entries.py:163: error: "WorkerPool" has no attribute "submitted"  [attr-defined]
tests/test_multiple_registry_entries.py:167: error: "WorkerPool" has no attribute "submitted"  [attr-defined]
tests/test_multiple_registry_entries.py:169: error: "WorkerPool" has no attribute "submitted"  [attr-defined]
tests/test_multiple_registry_entries.py:180: error: Incompatible types in assignment (expression has type "Path", variable has type "str")  [assignment]
tests/test_multiple_registry_entries.py:185: error: Unsupported left operand type for / ("str")  [operator]
tests/test_multiple_registry_entries.py:191: error: Unsupported left operand type for / ("str")  [operator]
tests/test_multiple_registry_entries.py:214: error: Unsupported left operand type for / ("str")  [operator]
tests/test_multiple_registry_entries.py:215: error: Unsupported left operand type for / ("str")  [operator]
tests/test_multiple_registry_entries.py:216: error: Unsupported left operand type for / ("str")  [operator]
tests/test_multiple_registry_entries.py:245: error: "WorkerPool" has no attribute "submitted"  [attr-defined]
tests/test_multiple_registry_entries.py:249: error: "WorkerPool" has no attribute "submitted"  [attr-defined]
tests/test_multiple_registry_entries.py:261: error: "WorkerPool" has no attribute "submitted"  [attr-defined]
tests/test_multiple_registry_entries.py:269: error: Incompatible types in assignment (expression has type "Path", variable has type "str")  [assignment]
tests/test_multiple_registry_entries.py:272: error: Unsupported left operand type for / ("str")  [operator]
tests/test_multiple_registry_entries.py:276: error: Unsupported left operand type for / ("str")  [operator]
tests/test_multiple_registry_entries.py:281: error: Unsupported left operand type for / ("str")  [operator]
tests/test_multiple_registry_entries.py:311: error: Unsupported left operand type for / ("str")  [operator]
tests/test_multiple_registry_entries.py:312: error: Unsupported left operand type for / ("str")  [operator]
tests/test_multiple_registry_entries.py:313: error: Unsupported left operand type for / ("str")  [operator]
tests/test_multiple_registry_entries.py:346: error: "WorkerPool" has no attribute "submitted"  [attr-defined]
tests/test_multiple_registry_entries.py:350: error: "WorkerPool" has no attribute "submitted"  [attr-defined]
tests/test_multiple_registry_entries.py:353: error: "WorkerPool" has no attribute "submitted"  [attr-defined]
tests/test_multiple_registry_entries.py:361: error: Incompatible types in assignment (expression has type "Path", variable has type "str")  [assignment]
tests/test_multiple_registry_entries.py:366: error: Unsupported left operand type for / ("str")  [operator]
tests/test_multiple_registry_entries.py:372: error: Unsupported left operand type for / ("str")  [operator]
tests/test_multiple_registry_entries.py:396: error: Unsupported left operand type for / ("str")  [operator]
tests/test_multiple_registry_entries.py:397: error: Unsupported left operand type for / ("str")  [operator]
tests/test_multiple_registry_entries.py:398: error: Unsupported left operand type for / ("str")  [operator]
tests/test_multiple_registry_entries.py:424: error: Incompatible types in assignment (expression has type "Path", variable has type "str")  [assignment]
tests/test_multiple_registry_entries.py:426: error: Unsupported left operand type for / ("str")  [operator]
tests/test_multiple_registry_entries.py:436: error: Unsupported left operand type for / ("str")  [operator]
tests/test_multiple_registry_entries.py:437: error: Unsupported left operand type for / ("str")  [operator]
tests/test_multiple_registry_entries.py:438: error: Unsupported left operand type for / ("str")  [operator]
tests/test_multiple_registry_entries.py:453: error: Incompatible types in assignment (expression has type "Path", variable has type "str")  [assignment]
tests/test_multiple_registry_entries.py:455: error: Unsupported left operand type for / ("str")  [operator]
tests/test_multiple_registry_entries.py:465: error: Unsupported left operand type for / ("str")  [operator]
tests/test_multiple_registry_entries.py:466: error: Unsupported left operand type for / ("str")  [operator]
tests/test_multiple_registry_entries.py:467: error: Unsupported left operand type for / ("str")  [operator]
tests/test_multiple_registry_entries.py:482: error: Incompatible types in assignment (expression has type "Path", variable has type "str")  [assignment]
tests/test_multiple_registry_entries.py:485: error: Unsupported left operand type for / ("str")  [operator]
tests/test_multiple_registry_entries.py:497: error: Unsupported left operand type for / ("str")  [operator]
tests/test_multiple_registry_entries.py:498: error: Unsupported left operand type for / ("str")  [operator]
tests/test_multiple_registry_entries.py:513: error: Unsupported left operand type for / ("str")  [operator]
tests/test_multiple_registry_entries.py:514: error: Unsupported left operand type for / ("str")  [operator]
tests/test_multiple_registry_entries.py:515: error: Unsupported left operand type for / ("str")  [operator]
tests/test_multiple_registry_entries.py:533: error: Incompatible types in assignment (expression has type "Path", variable has type "str")  [assignment]
tests/test_multiple_registry_entries.py:535: error: Unsupported left operand type for / ("str")  [operator]
tests/test_multiple_registry_entries.py:540: error: Unsupported left operand type for / ("str")  [operator]
tests/test_multiple_registry_entries.py:562: error: Unsupported left operand type for / ("str")  [operator]
tests/test_multiple_registry_entries.py:563: error: Unsupported left operand type for / ("str")  [operator]
tests/test_multiple_registry_entries.py:564: error: Unsupported left operand type for / ("str")  [operator]
tests/test_multiple_registry_entries.py:582: error: Incompatible types in assignment (expression has type "Path", variable has type "str")  [assignment]
tests/test_multiple_registry_entries.py:587: error: Unsupported left operand type for / ("str")  [operator]
tests/test_multiple_registry_entries.py:592: error: Unsupported left operand type for / ("str")  [operator]
tests/test_multiple_registry_entries.py:615: error: Unsupported left operand type for / ("str")  [operator]
tests/test_multiple_registry_entries.py:616: error: Unsupported left operand type for / ("str")  [operator]
tests/test_multiple_registry_entries.py:617: error: Unsupported left operand type for / ("str")  [operator]
tests/test_multiple_registry_entries.py:645: error: "WorkerPool" has no attribute "submitted"  [attr-defined]
tests/test_multiple_registry_entries.py:648: error: "WorkerPool" has no attribute "submitted"  [attr-defined]
tests/test_multiple_registry_entries.py:658: error: "WorkerPool" has no attribute "submitted"  [attr-defined]
tests/test_multiple_registry_entries.py:661: error: "WorkerPool" has no attribute "submitted"  [attr-defined]
tests/test_multiple_registry_entries.py:663: error: "WorkerPool" has no attribute "submitted"  [attr-defined]
tests/test_multiple_registry_entries.py:668: error: "WorkerPool" has no attribute "submitted"  [attr-defined]
tests/test_multiple_registry_entries.py:677: error: Incompatible types in assignment (expression has type "Path", variable has type "str")  [assignment]
tests/test_multiple_registry_entries.py:682: error: Unsupported left operand type for / ("str")  [operator]
tests/test_multiple_registry_entries.py:687: error: Unsupported left operand type for / ("str")  [operator]
tests/test_multiple_registry_entries.py:709: error: Unsupported left operand type for / ("str")  [operator]
tests/test_multiple_registry_entries.py:710: error: Unsupported left operand type for / ("str")  [operator]
tests/test_multiple_registry_entries.py:711: error: Unsupported left operand type for / ("str")  [operator]
tests/test_multiple_registry_entries.py:739: error: "WorkerPool" has no attribute "submitted"  [attr-defined]
tests/test_multiple_registry_entries.py:743: error: "WorkerPool" has no attribute "submitted"  [attr-defined]
tests/test_multiple_registry_entries.py:744: error: "WorkerPool" has no attribute "submitted"  [attr-defined]
tests/test_multiple_registry_entries.py:745: error: "WorkerPool" has no attribute "submitted"  [attr-defined]
tests/test_mcp_executables.py:30: error: Cannot call function of unknown type  [operator]
tests/test_e2e_daemon_operation.py:29: error: Incompatible types in assignment (expression has type "Path", variable has type "str")  [assignment]
tests/test_e2e_daemon_operation.py:32: error: Unsupported left operand type for / ("str")  [operator]
tests/test_e2e_daemon_operation.py:53: error: Unsupported left operand type for / ("str")  [operator]
tests/test_e2e_daemon_operation.py:61: error: Unsupported left operand type for / ("str")  [operator]
tests/test_e2e_daemon_operation.py:81: error: Unsupported left operand type for / ("str")  [operator]
tests/test_e2e_daemon_operation.py:82: error: Unsupported left operand type for / ("str")  [operator]
tests/test_e2e_daemon_operation.py:83: error: Unsupported left operand type for / ("str")  [operator]
tests/test_e2e_daemon_operation.py:84: error: Unsupported left operand type for / ("str")  [operator]
tests/test_e2e_daemon_operation.py:106: error: Unsupported left operand type for / ("str")  [operator]
tests/test_e2e_daemon_operation.py:124: error: Incompatible types in assignment (expression has type "Path", variable has type "str")  [assignment]
tests/test_e2e_daemon_operation.py:127: error: Unsupported left operand type for / ("str")  [operator]
tests/test_e2e_daemon_operation.py:135: error: Unsupported left operand type for / ("str")  [operator]
tests/test_e2e_daemon_operation.py:139: error: Unsupported left operand type for / ("str")  [operator]
tests/test_e2e_daemon_operation.py:143: error: Unsupported left operand type for / ("str")  [operator]
tests/test_e2e_daemon_operation.py:151: error: Unsupported left operand type for / ("str")  [operator]
tests/test_e2e_daemon_operation.py:174: error: Unsupported left operand type for / ("str")  [operator]
tests/test_e2e_daemon_operation.py:175: error: Unsupported left operand type for / ("str")  [operator]
tests/test_e2e_daemon_operation.py:176: error: Unsupported left operand type for / ("str")  [operator]
tests/test_e2e_daemon_operation.py:177: error: Unsupported left operand type for / ("str")  [operator]
tests/test_e2e_daemon_operation.py:210: error: Incompatible types in assignment (expression has type "Path", variable has type "str")  [assignment]
tests/test_e2e_daemon_operation.py:213: error: Unsupported left operand type for / ("str")  [operator]
tests/test_e2e_daemon_operation.py:221: error: Unsupported left operand type for / ("str")  [operator]
tests/test_e2e_daemon_operation.py:229: error: Unsupported left operand type for / ("str")  [operator]
tests/test_e2e_daemon_operation.py:251: error: Unsupported left operand type for / ("str")  [operator]
tests/test_e2e_daemon_operation.py:252: error: Unsupported left operand type for / ("str")  [operator]
tests/test_e2e_daemon_operation.py:253: error: Unsupported left operand type for / ("str")  [operator]
tests/test_e2e_daemon_operation.py:254: error: Unsupported left operand type for / ("str")  [operator]
tests/test_e2e_daemon_operation.py:276: error: Item "None" of "RepoState | None" has no attribute "last_run_status"  [union-attr]
tests/test_e2e_daemon_operation.py:277: error: Item "None" of "RepoState | None" has no attribute "consecutive_failures"  [union-attr]
tests/test_e2e_daemon_operation.py:278: error: Item "None" of "RepoState | None" has no attribute "last_error_reason"  [union-attr]
tests/test_e2e_daemon_operation.py:287: error: Incompatible types in assignment (expression has type "Path", variable has type "str")  [assignment]
tests/test_e2e_daemon_operation.py:290: error: Unsupported left operand type for / ("str")  [operator]
tests/test_e2e_daemon_operation.py:298: error: Unsupported left operand type for / ("str")  [operator]
tests/test_e2e_daemon_operation.py:306: error: Unsupported left operand type for / ("str")  [operator]
tests/test_e2e_daemon_operation.py:328: error: Unsupported left operand type for / ("str")  [operator]
tests/test_e2e_daemon_operation.py:329: error: Unsupported left operand type for / ("str")  [operator]
tests/test_e2e_daemon_operation.py:330: error: Unsupported left operand type for / ("str")  [operator]
tests/test_e2e_daemon_operation.py:331: error: Unsupported left operand type for / ("str")  [operator]
tests/test_e2e_daemon_operation.py:348: error: Item "None" of "RepoState | None" has no attribute "last_run_finished_at"  [union-attr]
tests/test_e2e_daemon_operation.py:355: error: Item "None" of "RepoState | None" has no attribute "next_eligible_at"  [union-attr]
tests/test_e2e_daemon_operation.py:356: error: Argument 1 to "upsert" of "StateStore" has incompatible type "RepoState | None"; expected "RepoState"  [arg-type]
tests/test_e2e_daemon_operation.py:367: error: Item "None" of "RepoState | None" has no attribute "last_run_finished_at"  [union-attr]
tests/test_e2e_daemon_operation.py:367: error: Unsupported operand types for > ("datetime" and "None")  [operator]
tests/test_e2e_daemon_operation.py:367: error: Unsupported operand types for < ("datetime" and "None")  [operator]
tests/test_e2e_daemon_operation.py:367: error: Unsupported left operand type for > ("None")  [operator]
tests/test_e2e_daemon_operation.py:367: note: Both left and right operands are unions
tests/test_e2e_daemon_operation.py:376: error: Incompatible types in assignment (expression has type "Path", variable has type "str")  [assignment]
tests/test_e2e_daemon_operation.py:379: error: Unsupported left operand type for / ("str")  [operator]
tests/test_e2e_daemon_operation.py:386: error: Unsupported left operand type for / ("str")  [operator]
tests/test_e2e_daemon_operation.py:394: error: Unsupported left operand type for / ("str")  [operator]
tests/test_e2e_daemon_operation.py:416: error: Unsupported left operand type for / ("str")  [operator]
tests/test_e2e_daemon_operation.py:417: error: Unsupported left operand type for / ("str")  [operator]
tests/test_e2e_daemon_operation.py:418: error: Unsupported left operand type for / ("str")  [operator]
tests/test_e2e_daemon_operation.py:419: error: Unsupported left operand type for / ("str")  [operator]
tests/test_e2e_daemon_operation.py:436: error: Item "None" of "RepoState | None" has no attribute "last_run_status"  [union-attr]
tests/test_e2e_daemon_operation.py:444: error: Item "None" of "RepoState | None" has no attribute "last_run_status"  [union-attr]
tests/test_e2e_daemon_operation.py:445: error: Item "None" of "RepoState | None" has no attribute "consecutive_failures"  [union-attr]
tests/test_e2e_daemon_operation.py:446: error: Item "None" of "RepoState | None" has no attribute "last_run_finished_at"  [union-attr]
tests/test_e2e_daemon_operation.py:455: error: Incompatible types in assignment (expression has type "Path", variable has type "str")  [assignment]
tests/test_e2e_daemon_operation.py:458: error: Unsupported left operand type for / ("str")  [operator]
tests/test_e2e_daemon_operation.py:468: error: Unsupported left operand type for / ("str")  [operator]
tests/test_e2e_daemon_operation.py:477: error: Unsupported left operand type for / ("str")  [operator]
tests/test_e2e_daemon_operation.py:500: error: Unsupported left operand type for / ("str")  [operator]
tests/test_e2e_daemon_operation.py:501: error: Unsupported left operand type for / ("str")  [operator]
tests/test_e2e_daemon_operation.py:502: error: Unsupported left operand type for / ("str")  [operator]
tests/test_e2e_daemon_operation.py:503: error: Unsupported left operand type for / ("str")  [operator]
tests/test_e2e_daemon_operation.py:531: error: Incompatible types in assignment (expression has type "Path", variable has type "str")  [assignment]
tests/test_e2e_daemon_operation.py:541: error: Unsupported left operand type for / ("str")  [operator]
tests/test_e2e_daemon_operation.py:548: error: Unsupported left operand type for / ("str")  [operator]
tests/test_e2e_daemon_operation.py:556: error: Unsupported left operand type for / ("str")  [operator]
tests/test_e2e_daemon_operation.py:594: error: Incompatible types in assignment (expression has type "Path", variable has type "str")  [assignment]
tests/test_e2e_daemon_operation.py:601: error: Unsupported left operand type for / ("str")  [operator]
tests/test_e2e_daemon_operation.py:621: error: Incompatible types in assignment (expression has type "Path", variable has type "str")  [assignment]
tests/test_e2e_daemon_operation.py:624: error: Unsupported left operand type for / ("str")  [operator]
tests/test_e2e_daemon_operation.py:636: error: Unsupported left operand type for / ("str")  [operator]
tests/test_e2e_daemon_operation.py:646: error: Unsupported left operand type for / ("str")  [operator]
tests/test_e2e_daemon_operation.py:670: error: Unsupported left operand type for / ("str")  [operator]
tests/test_e2e_daemon_operation.py:671: error: Unsupported left operand type for / ("str")  [operator]
tests/test_e2e_daemon_operation.py:672: error: Unsupported left operand type for / ("str")  [operator]
tests/test_e2e_daemon_operation.py:673: error: Unsupported left operand type for / ("str")  [operator]
tests/test_e2e_daemon_operation.py:696: error: Item "None" of "RepoState | None" has no attribute "last_run_status"  [union-attr]
tests/test_e2e_daemon_operation.py:697: error: Item "None" of "RepoState | None" has no attribute "consecutive_failures"  [union-attr]
tests/test_cli_contracts.py:128: error: Argument "source" to "RagToolMeta" has incompatible type "Literal['TEST']"; expected "Literal['RAG_GRAPH', 'LOCAL_FALLBACK', 'NONE']"  [arg-type]
tests/test_cli_contracts.py:131: error: Need type annotation for "mock_result"  [var-annotated]
tests/test_cli_contracts.py:411: error: Unsupported right operand type for in ("object")  [operator]
llmc_mcp/tools/test_te_repo.py:20: error: Argument "ctx" to "repo_read" has incompatible type "DummyCtx"; expected "McpSessionContext | None"  [arg-type]
llmc_mcp/tools/test_te.py:38: error: Argument "ctx" to "te_run" has incompatible type "DummyCtx"; expected "McpSessionContext | None"  [arg-type]
llmc/commands/service.py:19: error: Cannot assign to a type  [misc]
llmc/commands/service.py:19: error: Incompatible types in assignment (expression has type "None", variable has type "type[SystemdManager]")  [assignment]
llmc/commands/service.py:20: error: Cannot assign to a type  [misc]
llmc/commands/service.py:20: error: Incompatible types in assignment (expression has type "None", variable has type "type[ServiceState]")  [assignment]
Found 664 errors in 116 files (checked 474 source files)
