tools/rag/indexer.py:44: error: Returning Any from function declared to return "int"  [no-any-return]
tools/rag/indexer.py:48: error: Returning Any from function declared to return "int"  [no-any-return]
tools/rag/indexer.py:52: error: Returning Any from function declared to return "int"  [no-any-return]
tools/rag/indexer.py:56: error: Returning Any from function declared to return "int"  [no-any-return]
llmc/tui/screens/config.py:160: error: Incompatible types in assignment (expression has type "float", variable has type "str")  [assignment]
llmc/commands/docs.py:8: error: Library stubs not installed for "toml"  [import-untyped]
llmc/commands/docs.py:8: note: Hint: "python3 -m pip install types-toml"
llmc/commands/docs.py:8: note: (or run "mypy --install-types" to install all missing stub packages)
llmc/commands/docs.py:8: note: See https://mypy.readthedocs.io/en/stable/running_mypy.html#missing-imports
tools/rag/inspector.py:226: error: Incompatible types in assignment (expression has type "int", target has type "None")  [assignment]
tools/rag/inspector.py:310: error: Argument 2 to "_read_file_content" has incompatible type "Path | None"; expected "Path"  [arg-type]
tools/rag/inspector.py:443: error: Item "None" of "Path | None" has no attribute "stem"  [union-attr]
tools/rag/inspector.py:461: error: Argument 2 to "_get_provenance" has incompatible type "Path | None"; expected "Path"  [arg-type]
tools/rag/inspector.py:464: error: Argument 2 to "_get_provenance" has incompatible type "Path | None"; expected "Path"  [arg-type]
tools/rag/enrichment_pipeline.py:296: error: Argument 1 to "classify_span" of "FileClassifier" has incompatible type "ItemWrapper"; expected "SpanWorkItem"  [arg-type]
llmc/commands/service.py:19: error: Cannot assign to a type  [misc]
llmc/commands/service.py:19: error: Incompatible types in assignment (expression has type "None", variable has type "type[SystemdManager]")  [assignment]
llmc/commands/service.py:20: error: Cannot assign to a type  [misc]
llmc/commands/service.py:20: error: Incompatible types in assignment (expression has type "None", variable has type "type[ServiceState]")  [assignment]
Found 16 errors in 6 files (checked 50 source files)
