
==================================== ERRORS ====================================
___________________ ERROR collecting llmc_mcp/test_smoke.py ____________________
ImportError while importing test module '/home/vmlinux/src/llmc/llmc_mcp/test_smoke.py'.
Hint: make sure your test modules/packages have valid Python names.
Traceback:
llmc_mcp/server.py:36: in <module>
    from mcp.server import Server
E   ModuleNotFoundError: No module named 'mcp.server'

The above exception was the direct cause of the following exception:
/usr/lib/python3.12/importlib/__init__.py:90: in import_module
    return _bootstrap._gcd_import(name[level:], package, level)
llmc_mcp/test_smoke.py:13: in <module>
    from llmc_mcp.server import TOOLS, LlmcMcpServer
llmc_mcp/server.py:41: in <module>
    raise ImportError(
E   ImportError: CRITICAL: Missing 'mcp' dependency. The 'mcp' package is required. Application must be run in .venv environment for dependency.
=========================== short test summary info ============================
ERROR llmc_mcp/test_smoke.py
!!!!!!!!!!!!!!!!!!!!!!!!!! stopping after 1 failures !!!!!!!!!!!!!!!!!!!!!!!!!!!
2 skipped, 1 warning, 1 error in 0.64s
